<?xml version="1.0" encoding="UTF-8"?>
<testsuite name="spring.boot.demo.RedisTest" time="0.012" tests="1" errors="1" skipped="0" failures="0">
  <properties>
[...]
</properties>
  <testcase name="initializationError" classname="spring.boot.demo.RedisTest" time="0.012">
    <error message="Unable to find a @SpringBootConfiguration, you need to use @ContextConfiguration or @SpringBootTest(classes=...) with your test" type="java.lang.IllegalStateException"><![CDATA[java.lang.IllegalStateException: Unable to find a @SpringBootConfiguration, you need to use @ContextConfiguration or @SpringBootTest(classes=...) with your test
	at org.springframework.util.Assert.state(Assert.java:70)
	at org.springframework.boot.test.context.SpringBootTestContextBootstrapper.getOrFindConfigurationClasses(SpringBootTestContextBootstrapper.java:202)
	at org.springframework.boot.test.context.SpringBootTestContextBootstrapper.processMergedContextConfiguration(SpringBootTestContextBootstrapper.java:137)
	at org.springframework.test.context.support.AbstractTestContextBootstrapper.buildMergedContextConfiguration(AbstractTestContextBootstrapper.java:409)
	at org.springframework.test.context.support.AbstractTestContextBootstrapper.buildDefaultMergedContextConfiguration(AbstractTestContextBootstrapper.java:323)
	at org.springframework.test.context.support.AbstractTestContextBootstrapper.buildMergedContextConfiguration(AbstractTestContextBootstrapper.java:277)
	at org.springframework.test.context.support.AbstractTestContextBootstrapper.buildTestContext(AbstractTestContextBootstrapper.java:112)
	at org.springframework.boot.test.context.SpringBootTestContextBootstrapper.buildTestContext(SpringBootTestContextBootstrapper.java:82)
	at org.springframework.test.context.TestContextManager.<init>(TestContextManager.java:120)
	at org.springframework.test.context.TestContextManager.<init>(TestContextManager.java:105)
	at org.springframework.test.context.junit4.SpringJUnit4ClassRunner.createTestContextManager(SpringJUnit4ClassRunner.java:152)
	at org.springframework.test.context.junit4.SpringJUnit4ClassRunner.<init>(SpringJUnit4ClassRunner.java:143)
	at org.springframework.test.context.junit4.SpringRunner.<init>(SpringRunner.java:49)
	at sun.reflect.NativeConstructorAccessorImpl.newInstance0(Native Method)
	at sun.reflect.NativeConstructorAccessorImpl.newInstance(NativeConstructorAccessorImpl.java:62)
	at sun.reflect.DelegatingConstructorAccessorImpl.newInstance(DelegatingConstructorAccessorImpl.java:45)
	at java.lang.reflect.Constructor.newInstance(Constructor.java:423)
	at org.junit.internal.builders.AnnotatedBuilder.buildRunner(AnnotatedBuilder.java:104)
	at org.junit.internal.builders.AnnotatedBuilder.runnerForClass(AnnotatedBuilder.java:86)
	at org.junit.runners.model.RunnerBuilder.safeRunnerForClass(RunnerBuilder.java:59)
	at org.junit.internal.builders.AllDefaultPossibilitiesBuilder.runnerForClass(AllDefaultPossibilitiesBuilder.java:26)
	at org.junit.runners.model.RunnerBuilder.safeRunnerForClass(RunnerBuilder.java:59)
	at org.junit.internal.requests.ClassRequest.getRunner(ClassRequest.java:33)
	at org.apache.maven.surefire.junit4.JUnit4Provider.execute(JUnit4Provider.java:283)
	at org.apache.maven.surefire.junit4.JUnit4Provider.executeWithRerun(JUnit4Provider.java:173)
	at org.apache.maven.surefire.junit4.JUnit4Provider.executeTestSet(JUnit4Provider.java:153)
	at org.apache.maven.surefire.junit4.JUnit4Provider.invoke(JUnit4Provider.java:128)
	at org.apache.maven.surefire.booter.ForkedBooter.invokeProviderInSameClassLoader(ForkedBooter.java:203)
	at org.apache.maven.surefire.booter.ForkedBooter.runSuitesInProcess(ForkedBooter.java:155)
	at org.apache.maven.surefire.booter.ForkedBooter.main(ForkedBooter.java:103)
]]></error>
    <system-out><![CDATA[10:43:39.302 [main] DEBUG org.springframework.test.context.junit4.SpringJUnit4ClassRunner - SpringJUnit4ClassRunner constructor called with [class spring.boot.demo.RedisTest]
10:43:39.307 [main] DEBUG org.springframework.test.context.BootstrapUtils - Instantiating CacheAwareContextLoaderDelegate from class [org.springframework.test.context.cache.DefaultCacheAwareContextLoaderDelegate]
10:43:39.318 [main] DEBUG org.springframework.test.context.BootstrapUtils - Instantiating BootstrapContext using constructor [public org.springframework.test.context.support.DefaultBootstrapContext(java.lang.Class,org.springframework.test.context.CacheAwareContextLoaderDelegate)]
10:43:39.333 [main] DEBUG org.springframework.test.context.BootstrapUtils - Instantiating TestContextBootstrapper for test class [spring.boot.demo.RedisTest] from class [org.springframework.boot.test.context.SpringBootTestContextBootstrapper]
10:43:39.344 [main] INFO org.springframework.boot.test.context.SpringBootTestContextBootstrapper - Neither @ContextConfiguration nor @ContextHierarchy found for test class [spring.boot.demo.RedisTest], using SpringBootContextLoader
10:43:39.347 [main] DEBUG org.springframework.test.context.support.AbstractContextLoader - Did not detect default resource location for test class [spring.boot.demo.RedisTest]: class path resource [spring/boot/demo/RedisTest-context.xml] does not exist
10:43:39.348 [main] DEBUG org.springframework.test.context.support.AbstractContextLoader - Did not detect default resource location for test class [spring.boot.demo.RedisTest]: class path resource [spring/boot/demo/RedisTestContext.groovy] does not exist
10:43:39.348 [main] INFO org.springframework.test.context.support.AbstractContextLoader - Could not detect default resource locations for test class [spring.boot.demo.RedisTest]: no resource found for suffixes {-context.xml, Context.groovy}.
10:43:39.349 [main] INFO org.springframework.test.context.support.AnnotationConfigContextLoaderUtils - Could not detect default configuration classes for test class [spring.boot.demo.RedisTest]: RedisTest does not declare any static, non-private, non-final, nested classes annotated with @Configuration.
10:43:39.385 [main] DEBUG org.springframework.test.context.support.ActiveProfilesUtils - Could not find an 'annotation declaring class' for annotation type [org.springframework.test.context.ActiveProfiles] and class [spring.boot.demo.RedisTest]
10:43:39.392 [main] DEBUG org.springframework.core.env.StandardEnvironment - Adding PropertySource 'systemProperties' with lowest search precedence
10:43:39.393 [main] DEBUG org.springframework.core.env.StandardEnvironment - Adding PropertySource 'systemEnvironment' with lowest search precedence
10:43:39.395 [main] DEBUG org.springframework.core.env.StandardEnvironment - Initialized StandardEnvironment with PropertySources [MapPropertySource@2048425748 {name='systemProperties', properties={java.runtime.name=Java(TM) SE Runtime Environment, sun.boot.library.path=/Library/Java/JavaVirtualMachines/jdk1.8.0_161.jdk/Contents/Home/jre/lib, java.vm.version=25.161-b12, gopherProxySet=false, java.vm.vendor=Oracle Corporation, java.vendor.url=http://java.oracle.com/, path.separator=:, java.vm.name=Java HotSpot(TM) 64-Bit Server VM, file.encoding.pkg=sun.io, user.country=CN, sun.java.launcher=SUN_STANDARD, sun.os.patch.level=unknown, java.vm.specification.name=Java Virtual Machine Specification, user.dir=/Users/zhaoxuefeng/workspace-eclipse/zhaoxf, java.runtime.version=1.8.0_161-b12, basedir=/Users/zhaoxuefeng/workspace-eclipse/zhaoxf, java.awt.graphicsenv=sun.awt.CGraphicsEnvironment, java.endorsed.dirs=/Library/Java/JavaVirtualMachines/jdk1.8.0_161.jdk/Contents/Home/jre/lib/endorsed, os.arch=x86_64, surefire.real.class.path=/Users/zhaoxuefeng/workspace-eclipse/zhaoxf/target/surefire/surefirebooter2920431022213573765.jar, java.io.tmpdir=/var/folders/4_/kjr85bsx1xxf7wcxyt4w800c0000gn/T/, line.separator=
, java.vm.specification.vendor=Oracle Corporation, os.name=Mac OS X, sun.jnu.encoding=UTF-8, java.library.path=/Users/zhaoxuefeng/Library/Java/Extensions:/Library/Java/Extensions:/Network/Library/Java/Extensions:/System/Library/Java/Extensions:/usr/lib/java:., surefire.test.class.path=/Users/zhaoxuefeng/workspace-eclipse/zhaoxf/target/test-classes:/Users/zhaoxuefeng/workspace-eclipse/zhaoxf/target/classes:/Users/zhaoxuefeng/.m2/repository/org/springframework/boot/spring-boot-starter/1.5.9.RELEASE/spring-boot-starter-1.5.9.RELEASE.jar:/Users/zhaoxuefeng/.m2/repository/org/springframework/boot/spring-boot/1.5.9.RELEASE/spring-boot-1.5.9.RELEASE.jar:/Users/zhaoxuefeng/.m2/repository/org/springframework/boot/spring-boot-autoconfigure/1.5.9.RELEASE/spring-boot-autoconfigure-1.5.9.RELEASE.jar:/Users/zhaoxuefeng/.m2/repository/org/springframework/boot/spring-boot-starter-logging/1.5.9.RELEASE/spring-boot-starter-logging-1.5.9.RELEASE.jar:/Users/zhaoxuefeng/.m2/repository/ch/qos/logback/logback-classic/1.1.11/logback-classic-1.1.11.jar:/Users/zhaoxuefeng/.m2/repository/ch/qos/logback/logback-core/1.1.11/logback-core-1.1.11.jar:/Users/zhaoxuefeng/.m2/repository/org/slf4j/jcl-over-slf4j/1.7.25/jcl-over-slf4j-1.7.25.jar:/Users/zhaoxuefeng/.m2/repository/org/slf4j/jul-to-slf4j/1.7.25/jul-to-slf4j-1.7.25.jar:/Users/zhaoxuefeng/.m2/repository/org/slf4j/log4j-over-slf4j/1.7.25/log4j-over-slf4j-1.7.25.jar:/Users/zhaoxuefeng/.m2/repository/org/springframework/spring-core/4.3.13.RELEASE/spring-core-4.3.13.RELEASE.jar:/Users/zhaoxuefeng/.m2/repository/org/yaml/snakeyaml/1.17/snakeyaml-1.17.jar:/Users/zhaoxuefeng/.m2/repository/org/springframework/boot/spring-boot-starter-web/1.5.9.RELEASE/spring-boot-starter-web-1.5.9.RELEASE.jar:/Users/zhaoxuefeng/.m2/repository/org/springframework/boot/spring-boot-starter-tomcat/1.5.9.RELEASE/spring-boot-starter-tomcat-1.5.9.RELEASE.jar:/Users/zhaoxuefeng/.m2/repository/org/apache/tomcat/embed/tomcat-embed-core/8.5.23/tomcat-embed-core-8.5.23.jar:/Users/zhaoxuefeng/.m2/repository/org/apache/tomcat/tomcat-annotations-api/8.5.23/tomcat-annotations-api-8.5.23.jar:/Users/zhaoxuefeng/.m2/repository/org/apache/tomcat/embed/tomcat-embed-el/8.5.23/tomcat-embed-el-8.5.23.jar:/Users/zhaoxuefeng/.m2/repository/org/apache/tomcat/embed/tomcat-embed-websocket/8.5.23/tomcat-embed-websocket-8.5.23.jar:/Users/zhaoxuefeng/.m2/repository/org/hibernate/hibernate-validator/5.3.6.Final/hibernate-validator-5.3.6.Final.jar:/Users/zhaoxuefeng/.m2/repository/javax/validation/validation-api/1.1.0.Final/validation-api-1.1.0.Final.jar:/Users/zhaoxuefeng/.m2/repository/org/jboss/logging/jboss-logging/3.3.1.Final/jboss-logging-3.3.1.Final.jar:/Users/zhaoxuefeng/.m2/repository/com/fasterxml/classmate/1.3.4/classmate-1.3.4.jar:/Users/zhaoxuefeng/.m2/repository/com/fasterxml/jackson/core/jackson-databind/2.8.10/jackson-databind-2.8.10.jar:/Users/zhaoxuefeng/.m2/repository/com/fasterxml/jackson/core/jackson-annotations/2.8.0/jackson-annotations-2.8.0.jar:/Users/zhaoxuefeng/.m2/repository/com/fasterxml/jackson/core/jackson-core/2.8.10/jackson-core-2.8.10.jar:/Users/zhaoxuefeng/.m2/repository/org/springframework/spring-web/4.3.13.RELEASE/spring-web-4.3.13.RELEASE.jar:/Users/zhaoxuefeng/.m2/repository/org/springframework/spring-aop/4.3.13.RELEASE/spring-aop-4.3.13.RELEASE.jar:/Users/zhaoxuefeng/.m2/repository/org/springframework/spring-webmvc/4.3.13.RELEASE/spring-webmvc-4.3.13.RELEASE.jar:/Users/zhaoxuefeng/.m2/repository/org/springframework/spring-expression/4.3.13.RELEASE/spring-expression-4.3.13.RELEASE.jar:/Users/zhaoxuefeng/.m2/repository/org/springframework/boot/spring-boot-starter-jdbc/1.5.9.RELEASE/spring-boot-starter-jdbc-1.5.9.RELEASE.jar:/Users/zhaoxuefeng/.m2/repository/org/apache/tomcat/tomcat-jdbc/8.5.23/tomcat-jdbc-8.5.23.jar:/Users/zhaoxuefeng/.m2/repository/org/apache/tomcat/tomcat-juli/8.5.23/tomcat-juli-8.5.23.jar:/Users/zhaoxuefeng/.m2/repository/org/springframework/spring-jdbc/4.3.13.RELEASE/spring-jdbc-4.3.13.RELEASE.jar:/Users/zhaoxuefeng/.m2/repository/org/springframework/boot/spring-boot-starter-test/1.5.9.RELEASE/spring-boot-starter-test-1.5.9.RELEASE.jar:/Users/zhaoxuefeng/.m2/repository/org/springframework/boot/spring-boot-test/1.5.9.RELEASE/spring-boot-test-1.5.9.RELEASE.jar:/Users/zhaoxuefeng/.m2/repository/org/springframework/boot/spring-boot-test-autoconfigure/1.5.9.RELEASE/spring-boot-test-autoconfigure-1.5.9.RELEASE.jar:/Users/zhaoxuefeng/.m2/repository/com/jayway/jsonpath/json-path/2.2.0/json-path-2.2.0.jar:/Users/zhaoxuefeng/.m2/repository/net/minidev/json-smart/2.2.1/json-smart-2.2.1.jar:/Users/zhaoxuefeng/.m2/repository/net/minidev/accessors-smart/1.1/accessors-smart-1.1.jar:/Users/zhaoxuefeng/.m2/repository/org/ow2/asm/asm/5.0.3/asm-5.0.3.jar:/Users/zhaoxuefeng/.m2/repository/org/slf4j/slf4j-api/1.7.25/slf4j-api-1.7.25.jar:/Users/zhaoxuefeng/.m2/repository/org/assertj/assertj-core/2.6.0/assertj-core-2.6.0.jar:/Users/zhaoxuefeng/.m2/repository/org/mockito/mockito-core/1.10.19/mockito-core-1.10.19.jar:/Users/zhaoxuefeng/.m2/repository/org/objenesis/objenesis/2.1/objenesis-2.1.jar:/Users/zhaoxuefeng/.m2/repository/org/hamcrest/hamcrest-core/1.3/hamcrest-core-1.3.jar:/Users/zhaoxuefeng/.m2/repository/org/hamcrest/hamcrest-library/1.3/hamcrest-library-1.3.jar:/Users/zhaoxuefeng/.m2/repository/org/skyscreamer/jsonassert/1.4.0/jsonassert-1.4.0.jar:/Users/zhaoxuefeng/.m2/repository/org/springframework/boot/spring-boot-starter-thymeleaf/1.5.9.RELEASE/spring-boot-starter-thymeleaf-1.5.9.RELEASE.jar:/Users/zhaoxuefeng/.m2/repository/org/thymeleaf/thymeleaf-spring4/2.1.6.RELEASE/thymeleaf-spring4-2.1.6.RELEASE.jar:/Users/zhaoxuefeng/.m2/repository/org/thymeleaf/thymeleaf/2.1.6.RELEASE/thymeleaf-2.1.6.RELEASE.jar:/Users/zhaoxuefeng/.m2/repository/ognl/ognl/3.0.8/ognl-3.0.8.jar:/Users/zhaoxuefeng/.m2/repository/org/javassist/javassist/3.21.0-GA/javassist-3.21.0-GA.jar:/Users/zhaoxuefeng/.m2/repository/org/unbescape/unbescape/1.1.0.RELEASE/unbescape-1.1.0.RELEASE.jar:/Users/zhaoxuefeng/.m2/repository/nz/net/ultraq/thymeleaf/thymeleaf-layout-dialect/1.4.0/thymeleaf-layout-dialect-1.4.0.jar:/Users/zhaoxuefeng/.m2/repository/org/codehaus/groovy/groovy/2.4.13/groovy-2.4.13.jar:/Users/zhaoxuefeng/.m2/repository/org/springframework/spring-test/4.3.13.RELEASE/spring-test-4.3.13.RELEASE.jar:/Users/zhaoxuefeng/.m2/repository/org/springframework/boot/spring-boot-configuration-processor/1.5.9.RELEASE/spring-boot-configuration-processor-1.5.9.RELEASE.jar:/Users/zhaoxuefeng/.m2/repository/com/vaadin/external/google/android-json/0.0.20131108.vaadin1/android-json-0.0.20131108.vaadin1.jar:/Users/zhaoxuefeng/.m2/repository/junit/junit/4.12/junit-4.12.jar:/Users/zhaoxuefeng/.m2/repository/mysql/mysql-connector-java/5.1.44/mysql-connector-java-5.1.44.jar:/Users/zhaoxuefeng/.m2/repository/com/github/pagehelper/pagehelper-spring-boot-starter/1.1.2/pagehelper-spring-boot-starter-1.1.2.jar:/Users/zhaoxuefeng/.m2/repository/com/github/pagehelper/pagehelper-spring-boot-autoconfigure/1.1.2/pagehelper-spring-boot-autoconfigure-1.1.2.jar:/Users/zhaoxuefeng/.m2/repository/com/github/pagehelper/pagehelper/5.0.3/pagehelper-5.0.3.jar:/Users/zhaoxuefeng/.m2/repository/com/github/jsqlparser/jsqlparser/1.0/jsqlparser-1.0.jar:/Users/zhaoxuefeng/.m2/repository/org/mybatis/spring/boot/mybatis-spring-boot-starter/1.3.2/mybatis-spring-boot-starter-1.3.2.jar:/Users/zhaoxuefeng/.m2/repository/org/mybatis/spring/boot/mybatis-spring-boot-autoconfigure/1.3.2/mybatis-spring-boot-autoconfigure-1.3.2.jar:/Users/zhaoxuefeng/.m2/repository/org/mybatis/mybatis-spring/1.3.2/mybatis-spring-1.3.2.jar:/Users/zhaoxuefeng/.m2/repository/org/mybatis/mybatis/3.4.6/mybatis-3.4.6.jar:/Users/zhaoxuefeng/.m2/repository/commons-dbcp/commons-dbcp/1.4/commons-dbcp-1.4.jar:/Users/zhaoxuefeng/.m2/repository/commons-pool/commons-pool/1.6/commons-pool-1.6.jar:/Users/zhaoxuefeng/.m2/repository/org/springframework/spring-tx/4.3.13.RELEASE/spring-tx-4.3.13.RELEASE.jar:/Users/zhaoxuefeng/.m2/repository/org/springframework/spring-beans/4.3.13.RELEASE/spring-beans-4.3.13.RELEASE.jar:/Users/zhaoxuefeng/.m2/repository/org/springframework/spring-aspects/4.3.13.RELEASE/spring-aspects-4.3.13.RELEASE.jar:/Users/zhaoxuefeng/.m2/repository/org/aspectj/aspectjweaver/1.8.13/aspectjweaver-1.8.13.jar:/Users/zhaoxuefeng/.m2/repository/org/springframework/boot/spring-boot-starter-data-redis/1.5.9.RELEASE/spring-boot-starter-data-redis-1.5.9.RELEASE.jar:/Users/zhaoxuefeng/.m2/repository/org/springframework/data/spring-data-redis/1.8.9.RELEASE/spring-data-redis-1.8.9.RELEASE.jar:/Users/zhaoxuefeng/.m2/repository/org/springframework/data/spring-data-keyvalue/1.2.9.RELEASE/spring-data-keyvalue-1.2.9.RELEASE.jar:/Users/zhaoxuefeng/.m2/repository/org/springframework/data/spring-data-commons/1.13.9.RELEASE/spring-data-commons-1.13.9.RELEASE.jar:/Users/zhaoxuefeng/.m2/repository/org/springframework/spring-oxm/4.3.13.RELEASE/spring-oxm-4.3.13.RELEASE.jar:/Users/zhaoxuefeng/.m2/repository/redis/clients/jedis/2.9.0/jedis-2.9.0.jar:/Users/zhaoxuefeng/.m2/repository/org/springframework/boot/spring-boot-starter-cache/1.5.9.RELEASE/spring-boot-starter-cache-1.5.9.RELEASE.jar:/Users/zhaoxuefeng/.m2/repository/org/springframework/spring-context/4.3.13.RELEASE/spring-context-4.3.13.RELEASE.jar:/Users/zhaoxuefeng/.m2/repository/org/springframework/spring-context-support/4.3.13.RELEASE/spring-context-support-4.3.13.RELEASE.jar:/Users/zhaoxuefeng/.m2/repository/org/springframework/session/spring-session-data-redis/1.3.1.RELEASE/spring-session-data-redis-1.3.1.RELEASE.jar:/Users/zhaoxuefeng/.m2/repository/org/apache/commons/commons-pool2/2.4.3/commons-pool2-2.4.3.jar:/Users/zhaoxuefeng/.m2/repository/org/springframework/session/spring-session/1.3.1.RELEASE/spring-session-1.3.1.RELEASE.jar:/Users/zhaoxuefeng/.m2/repository/com/alibaba/druid/1.1.9/druid-1.1.9.jar:, java.specification.name=Java Platform API Specification, java.class.version=52.0, sun.management.compiler=HotSpot 64-Bit Tiered Compilers, os.version=10.13.5, user.home=/Users/zhaoxuefeng, user.timezone=Asia/Shanghai, java.awt.printerjob=sun.lwawt.macosx.CPrinterJob, file.encoding=UTF-8, java.specification.version=1.8, java.class.path=/Users/zhaoxuefeng/workspace-eclipse/zhaoxf/target/test-classes:/Users/zhaoxuefeng/workspace-eclipse/zhaoxf/target/classes:/Users/zhaoxuefeng/.m2/repository/org/springframework/boot/spring-boot-starter/1.5.9.RELEASE/spring-boot-starter-1.5.9.RELEASE.jar:/Users/zhaoxuefeng/.m2/repository/org/springframework/boot/spring-boot/1.5.9.RELEASE/spring-boot-1.5.9.RELEASE.jar:/Users/zhaoxuefeng/.m2/repository/org/springframework/boot/spring-boot-autoconfigure/1.5.9.RELEASE/spring-boot-autoconfigure-1.5.9.RELEASE.jar:/Users/zhaoxuefeng/.m2/repository/org/springframework/boot/spring-boot-starter-logging/1.5.9.RELEASE/spring-boot-starter-logging-1.5.9.RELEASE.jar:/Users/zhaoxuefeng/.m2/repository/ch/qos/logback/logback-classic/1.1.11/logback-classic-1.1.11.jar:/Users/zhaoxuefeng/.m2/repository/ch/qos/logback/logback-core/1.1.11/logback-core-1.1.11.jar:/Users/zhaoxuefeng/.m2/repository/org/slf4j/jcl-over-slf4j/1.7.25/jcl-over-slf4j-1.7.25.jar:/Users/zhaoxuefeng/.m2/repository/org/slf4j/jul-to-slf4j/1.7.25/jul-to-slf4j-1.7.25.jar:/Users/zhaoxuefeng/.m2/repository/org/slf4j/log4j-over-slf4j/1.7.25/log4j-over-slf4j-1.7.25.jar:/Users/zhaoxuefeng/.m2/repository/org/springframework/spring-core/4.3.13.RELEASE/spring-core-4.3.13.RELEASE.jar:/Users/zhaoxuefeng/.m2/repository/org/yaml/snakeyaml/1.17/snakeyaml-1.17.jar:/Users/zhaoxuefeng/.m2/repository/org/springframework/boot/spring-boot-starter-web/1.5.9.RELEASE/spring-boot-starter-web-1.5.9.RELEASE.jar:/Users/zhaoxuefeng/.m2/repository/org/springframework/boot/spring-boot-starter-tomcat/1.5.9.RELEASE/spring-boot-starter-tomcat-1.5.9.RELEASE.jar:/Users/zhaoxuefeng/.m2/repository/org/apache/tomcat/embed/tomcat-embed-core/8.5.23/tomcat-embed-core-8.5.23.jar:/Users/zhaoxuefeng/.m2/repository/org/apache/tomcat/tomcat-annotations-api/8.5.23/tomcat-annotations-api-8.5.23.jar:/Users/zhaoxuefeng/.m2/repository/org/apache/tomcat/embed/tomcat-embed-el/8.5.23/tomcat-embed-el-8.5.23.jar:/Users/zhaoxuefeng/.m2/repository/org/apache/tomcat/embed/tomcat-embed-websocket/8.5.23/tomcat-embed-websocket-8.5.23.jar:/Users/zhaoxuefeng/.m2/repository/org/hibernate/hibernate-validator/5.3.6.Final/hibernate-validator-5.3.6.Final.jar:/Users/zhaoxuefeng/.m2/repository/javax/validation/validation-api/1.1.0.Final/validation-api-1.1.0.Final.jar:/Users/zhaoxuefeng/.m2/repository/org/jboss/logging/jboss-logging/3.3.1.Final/jboss-logging-3.3.1.Final.jar:/Users/zhaoxuefeng/.m2/repository/com/fasterxml/classmate/1.3.4/classmate-1.3.4.jar:/Users/zhaoxuefeng/.m2/repository/com/fasterxml/jackson/core/jackson-databind/2.8.10/jackson-databind-2.8.10.jar:/Users/zhaoxuefeng/.m2/repository/com/fasterxml/jackson/core/jackson-annotations/2.8.0/jackson-annotations-2.8.0.jar:/Users/zhaoxuefeng/.m2/repository/com/fasterxml/jackson/core/jackson-core/2.8.10/jackson-core-2.8.10.jar:/Users/zhaoxuefeng/.m2/repository/org/springframework/spring-web/4.3.13.RELEASE/spring-web-4.3.13.RELEASE.jar:/Users/zhaoxuefeng/.m2/repository/org/springframework/spring-aop/4.3.13.RELEASE/spring-aop-4.3.13.RELEASE.jar:/Users/zhaoxuefeng/.m2/repository/org/springframework/spring-webmvc/4.3.13.RELEASE/spring-webmvc-4.3.13.RELEASE.jar:/Users/zhaoxuefeng/.m2/repository/org/springframework/spring-expression/4.3.13.RELEASE/spring-expression-4.3.13.RELEASE.jar:/Users/zhaoxuefeng/.m2/repository/org/springframework/boot/spring-boot-starter-jdbc/1.5.9.RELEASE/spring-boot-starter-jdbc-1.5.9.RELEASE.jar:/Users/zhaoxuefeng/.m2/repository/org/apache/tomcat/tomcat-jdbc/8.5.23/tomcat-jdbc-8.5.23.jar:/Users/zhaoxuefeng/.m2/repository/org/apache/tomcat/tomcat-juli/8.5.23/tomcat-juli-8.5.23.jar:/Users/zhaoxuefeng/.m2/repository/org/springframework/spring-jdbc/4.3.13.RELEASE/spring-jdbc-4.3.13.RELEASE.jar:/Users/zhaoxuefeng/.m2/repository/org/springframework/boot/spring-boot-starter-test/1.5.9.RELEASE/spring-boot-starter-test-1.5.9.RELEASE.jar:/Users/zhaoxuefeng/.m2/repository/org/springframework/boot/spring-boot-test/1.5.9.RELEASE/spring-boot-test-1.5.9.RELEASE.jar:/Users/zhaoxuefeng/.m2/repository/org/springframework/boot/spring-boot-test-autoconfigure/1.5.9.RELEASE/spring-boot-test-autoconfigure-1.5.9.RELEASE.jar:/Users/zhaoxuefeng/.m2/repository/com/jayway/jsonpath/json-path/2.2.0/json-path-2.2.0.jar:/Users/zhaoxuefeng/.m2/repository/net/minidev/json-smart/2.2.1/json-smart-2.2.1.jar:/Users/zhaoxuefeng/.m2/repository/net/minidev/accessors-smart/1.1/accessors-smart-1.1.jar:/Users/zhaoxuefeng/.m2/repository/org/ow2/asm/asm/5.0.3/asm-5.0.3.jar:/Users/zhaoxuefeng/.m2/repository/org/slf4j/slf4j-api/1.7.25/slf4j-api-1.7.25.jar:/Users/zhaoxuefeng/.m2/repository/org/assertj/assertj-core/2.6.0/assertj-core-2.6.0.jar:/Users/zhaoxuefeng/.m2/repository/org/mockito/mockito-core/1.10.19/mockito-core-1.10.19.jar:/Users/zhaoxuefeng/.m2/repository/org/objenesis/objenesis/2.1/objenesis-2.1.jar:/Users/zhaoxuefeng/.m2/repository/org/hamcrest/hamcrest-core/1.3/hamcrest-core-1.3.jar:/Users/zhaoxuefeng/.m2/repository/org/hamcrest/hamcrest-library/1.3/hamcrest-library-1.3.jar:/Users/zhaoxuefeng/.m2/repository/org/skyscreamer/jsonassert/1.4.0/jsonassert-1.4.0.jar:/Users/zhaoxuefeng/.m2/repository/org/springframework/boot/spring-boot-starter-thymeleaf/1.5.9.RELEASE/spring-boot-starter-thymeleaf-1.5.9.RELEASE.jar:/Users/zhaoxuefeng/.m2/repository/org/thymeleaf/thymeleaf-spring4/2.1.6.RELEASE/thymeleaf-spring4-2.1.6.RELEASE.jar:/Users/zhaoxuefeng/.m2/repository/org/thymeleaf/thymeleaf/2.1.6.RELEASE/thymeleaf-2.1.6.RELEASE.jar:/Users/zhaoxuefeng/.m2/repository/ognl/ognl/3.0.8/ognl-3.0.8.jar:/Users/zhaoxuefeng/.m2/repository/org/javassist/javassist/3.21.0-GA/javassist-3.21.0-GA.jar:/Users/zhaoxuefeng/.m2/repository/org/unbescape/unbescape/1.1.0.RELEASE/unbescape-1.1.0.RELEASE.jar:/Users/zhaoxuefeng/.m2/repository/nz/net/ultraq/thymeleaf/thymeleaf-layout-dialect/1.4.0/thymeleaf-layout-dialect-1.4.0.jar:/Users/zhaoxuefeng/.m2/repository/org/codehaus/groovy/groovy/2.4.13/groovy-2.4.13.jar:/Users/zhaoxuefeng/.m2/repository/org/springframework/spring-test/4.3.13.RELEASE/spring-test-4.3.13.RELEASE.jar:/Users/zhaoxuefeng/.m2/repository/org/springframework/boot/spring-boot-configuration-processor/1.5.9.RELEASE/spring-boot-configuration-processor-1.5.9.RELEASE.jar:/Users/zhaoxuefeng/.m2/repository/com/vaadin/external/google/android-json/0.0.20131108.vaadin1/android-json-0.0.20131108.vaadin1.jar:/Users/zhaoxuefeng/.m2/repository/junit/junit/4.12/junit-4.12.jar:/Users/zhaoxuefeng/.m2/repository/mysql/mysql-connector-java/5.1.44/mysql-connector-java-5.1.44.jar:/Users/zhaoxuefeng/.m2/repository/com/github/pagehelper/pagehelper-spring-boot-starter/1.1.2/pagehelper-spring-boot-starter-1.1.2.jar:/Users/zhaoxuefeng/.m2/repository/com/github/pagehelper/pagehelper-spring-boot-autoconfigure/1.1.2/pagehelper-spring-boot-autoconfigure-1.1.2.jar:/Users/zhaoxuefeng/.m2/repository/com/github/pagehelper/pagehelper/5.0.3/pagehelper-5.0.3.jar:/Users/zhaoxuefeng/.m2/repository/com/github/jsqlparser/jsqlparser/1.0/jsqlparser-1.0.jar:/Users/zhaoxuefeng/.m2/repository/org/mybatis/spring/boot/mybatis-spring-boot-starter/1.3.2/mybatis-spring-boot-starter-1.3.2.jar:/Users/zhaoxuefeng/.m2/repository/org/mybatis/spring/boot/mybatis-spring-boot-autoconfigure/1.3.2/mybatis-spring-boot-autoconfigure-1.3.2.jar:/Users/zhaoxuefeng/.m2/repository/org/mybatis/mybatis-spring/1.3.2/mybatis-spring-1.3.2.jar:/Users/zhaoxuefeng/.m2/repository/org/mybatis/mybatis/3.4.6/mybatis-3.4.6.jar:/Users/zhaoxuefeng/.m2/repository/commons-dbcp/commons-dbcp/1.4/commons-dbcp-1.4.jar:/Users/zhaoxuefeng/.m2/repository/commons-pool/commons-pool/1.6/commons-pool-1.6.jar:/Users/zhaoxuefeng/.m2/repository/org/springframework/spring-tx/4.3.13.RELEASE/spring-tx-4.3.13.RELEASE.jar:/Users/zhaoxuefeng/.m2/repository/org/springframework/spring-beans/4.3.13.RELEASE/spring-beans-4.3.13.RELEASE.jar:/Users/zhaoxuefeng/.m2/repository/org/springframework/spring-aspects/4.3.13.RELEASE/spring-aspects-4.3.13.RELEASE.jar:/Users/zhaoxuefeng/.m2/repository/org/aspectj/aspectjweaver/1.8.13/aspectjweaver-1.8.13.jar:/Users/zhaoxuefeng/.m2/repository/org/springframework/boot/spring-boot-starter-data-redis/1.5.9.RELEASE/spring-boot-starter-data-redis-1.5.9.RELEASE.jar:/Users/zhaoxuefeng/.m2/repository/org/springframework/data/spring-data-redis/1.8.9.RELEASE/spring-data-redis-1.8.9.RELEASE.jar:/Users/zhaoxuefeng/.m2/repository/org/springframework/data/spring-data-keyvalue/1.2.9.RELEASE/spring-data-keyvalue-1.2.9.RELEASE.jar:/Users/zhaoxuefeng/.m2/repository/org/springframework/data/spring-data-commons/1.13.9.RELEASE/spring-data-commons-1.13.9.RELEASE.jar:/Users/zhaoxuefeng/.m2/repository/org/springframework/spring-oxm/4.3.13.RELEASE/spring-oxm-4.3.13.RELEASE.jar:/Users/zhaoxuefeng/.m2/repository/redis/clients/jedis/2.9.0/jedis-2.9.0.jar:/Users/zhaoxuefeng/.m2/repository/org/springframework/boot/spring-boot-starter-cache/1.5.9.RELEASE/spring-boot-starter-cache-1.5.9.RELEASE.jar:/Users/zhaoxuefeng/.m2/repository/org/springframework/spring-context/4.3.13.RELEASE/spring-context-4.3.13.RELEASE.jar:/Users/zhaoxuefeng/.m2/repository/org/springframework/spring-context-support/4.3.13.RELEASE/spring-context-support-4.3.13.RELEASE.jar:/Users/zhaoxuefeng/.m2/repository/org/springframework/session/spring-session-data-redis/1.3.1.RELEASE/spring-session-data-redis-1.3.1.RELEASE.jar:/Users/zhaoxuefeng/.m2/repository/org/apache/commons/commons-pool2/2.4.3/commons-pool2-2.4.3.jar:/Users/zhaoxuefeng/.m2/repository/org/springframework/session/spring-session/1.3.1.RELEASE/spring-session-1.3.1.RELEASE.jar:/Users/zhaoxuefeng/.m2/repository/com/alibaba/druid/1.1.9/druid-1.1.9.jar:, user.name=zhaoxuefeng, java.vm.specification.version=1.8, sun.java.command=/Users/zhaoxuefeng/workspace-eclipse/zhaoxf/target/surefire/surefirebooter2920431022213573765.jar /Users/zhaoxuefeng/workspace-eclipse/zhaoxf/target/surefire/surefire5867384948282405393tmp /Users/zhaoxuefeng/workspace-eclipse/zhaoxf/target/surefire/surefire_03394509475860516695tmp, java.home=/Library/Java/JavaVirtualMachines/jdk1.8.0_161.jdk/Contents/Home/jre, sun.arch.data.model=64, user.language=zh, java.specification.vendor=Oracle Corporation, awt.toolkit=sun.lwawt.macosx.LWCToolkit, java.vm.info=mixed mode, java.version=1.8.0_161, java.ext.dirs=/Users/zhaoxuefeng/Library/Java/Extensions:/Library/Java/JavaVirtualMachines/jdk1.8.0_161.jdk/Contents/Home/jre/lib/ext:/Library/Java/Extensions:/Network/Library/Java/Extensions:/System/Library/Java/Extensions:/usr/lib/java, sun.boot.class.path=/Library/Java/JavaVirtualMachines/jdk1.8.0_161.jdk/Contents/Home/jre/lib/resources.jar:/Library/Java/JavaVirtualMachines/jdk1.8.0_161.jdk/Contents/Home/jre/lib/rt.jar:/Library/Java/JavaVirtualMachines/jdk1.8.0_161.jdk/Contents/Home/jre/lib/sunrsasign.jar:/Library/Java/JavaVirtualMachines/jdk1.8.0_161.jdk/Contents/Home/jre/lib/jsse.jar:/Library/Java/JavaVirtualMachines/jdk1.8.0_161.jdk/Contents/Home/jre/lib/jce.jar:/Library/Java/JavaVirtualMachines/jdk1.8.0_161.jdk/Contents/Home/jre/lib/charsets.jar:/Library/Java/JavaVirtualMachines/jdk1.8.0_161.jdk/Contents/Home/jre/lib/jfr.jar:/Library/Java/JavaVirtualMachines/jdk1.8.0_161.jdk/Contents/Home/jre/classes, java.vendor=Oracle Corporation, localRepository=/Users/zhaoxuefeng/.m2/repository, file.separator=/, java.vendor.url.bug=http://bugreport.sun.com/bugreport/, sun.io.unicode.encoding=UnicodeBig, sun.cpu.endian=little, sun.cpu.isalist=}}, SystemEnvironmentPropertySource@1863932867 {name='systemEnvironment', properties={PATH=/usr/bin:/bin:/usr/sbin:/sbin, SHELL=/bin/bash, JAVA_MAIN_CLASS_1681=org.codehaus.plexus.classworlds.launcher.Launcher, OLDPWD=/Users/zhaoxuefeng/workspace-eclipse/zhaoxf, USER=zhaoxuefeng, TMPDIR=/var/folders/4_/kjr85bsx1xxf7wcxyt4w800c0000gn/T/, SSH_AUTH_SOCK=/private/tmp/com.apple.launchd.7tzt9kxjpS/Listeners, XPC_FLAGS=0x0, JAVA_STARTED_ON_FIRST_THREAD_1339=1, __CF_USER_TEXT_ENCODING=0x1F5:0x19:0x34, JAVA_MAIN_CLASS_1683=org.apache.maven.surefire.booter.ForkedBooter, Apple_PubSub_Socket_Render=/private/tmp/com.apple.launchd.Y6WNExJCgP/Render, LOGNAME=zhaoxuefeng, APP_ICON_1339=../Resources/Eclipse.icns, XPC_SERVICE_NAME=0, PWD=/Users/zhaoxuefeng/workspace-eclipse/zhaoxf, HOME=/Users/zhaoxuefeng, SHLVL=1, _=/Library/Java/JavaVirtualMachines/jdk1.8.0_161.jdk/Contents/Home/jre/bin/java}}]
10:43:39.410 [main] DEBUG org.springframework.core.io.support.PathMatchingResourcePatternResolver - Resolved classpath location [spring/boot/demo/] to resources [URL [file:/Users/zhaoxuefeng/workspace-eclipse/zhaoxf/target/test-classes/spring/boot/demo/]]
10:43:39.411 [main] DEBUG org.springframework.core.io.support.PathMatchingResourcePatternResolver - Looking for matching resources in directory tree [/Users/zhaoxuefeng/workspace-eclipse/zhaoxf/target/test-classes/spring/boot/demo]
10:43:39.412 [main] DEBUG org.springframework.core.io.support.PathMatchingResourcePatternResolver - Searching directory [/Users/zhaoxuefeng/workspace-eclipse/zhaoxf/target/test-classes/spring/boot/demo] for files matching pattern [/Users/zhaoxuefeng/workspace-eclipse/zhaoxf/target/test-classes/spring/boot/demo/*.class]
10:43:39.416 [main] DEBUG org.springframework.core.io.support.PathMatchingResourcePatternResolver - Resolved location pattern [classpath*:spring/boot/demo/*.class] to resources [file [/Users/zhaoxuefeng/workspace-eclipse/zhaoxf/target/test-classes/spring/boot/demo/DemoTest.class], file [/Users/zhaoxuefeng/workspace-eclipse/zhaoxf/target/test-classes/spring/boot/demo/GetProperties.class], file [/Users/zhaoxuefeng/workspace-eclipse/zhaoxf/target/test-classes/spring/boot/demo/Hosting.class], file [/Users/zhaoxuefeng/workspace-eclipse/zhaoxf/target/test-classes/spring/boot/demo/MybatisTest.class], file [/Users/zhaoxuefeng/workspace-eclipse/zhaoxf/target/test-classes/spring/boot/demo/RedisTest.class]]
10:43:39.432 [main] DEBUG org.springframework.core.io.support.PathMatchingResourcePatternResolver - Resolved classpath location [spring/boot/] to resources [URL [file:/Users/zhaoxuefeng/workspace-eclipse/zhaoxf/target/test-classes/spring/boot/]]
10:43:39.432 [main] DEBUG org.springframework.core.io.support.PathMatchingResourcePatternResolver - Looking for matching resources in directory tree [/Users/zhaoxuefeng/workspace-eclipse/zhaoxf/target/test-classes/spring/boot]
10:43:39.433 [main] DEBUG org.springframework.core.io.support.PathMatchingResourcePatternResolver - Searching directory [/Users/zhaoxuefeng/workspace-eclipse/zhaoxf/target/test-classes/spring/boot] for files matching pattern [/Users/zhaoxuefeng/workspace-eclipse/zhaoxf/target/test-classes/spring/boot/*.class]
10:43:39.433 [main] DEBUG org.springframework.core.io.support.PathMatchingResourcePatternResolver - Resolved location pattern [classpath*:spring/boot/*.class] to resources []
10:43:39.433 [main] DEBUG org.springframework.core.io.support.PathMatchingResourcePatternResolver - Resolved classpath location [spring/] to resources [URL [file:/Users/zhaoxuefeng/workspace-eclipse/zhaoxf/target/test-classes/spring/]]
10:43:39.433 [main] DEBUG org.springframework.core.io.support.PathMatchingResourcePatternResolver - Looking for matching resources in directory tree [/Users/zhaoxuefeng/workspace-eclipse/zhaoxf/target/test-classes/spring]
10:43:39.433 [main] DEBUG org.springframework.core.io.support.PathMatchingResourcePatternResolver - Searching directory [/Users/zhaoxuefeng/workspace-eclipse/zhaoxf/target/test-classes/spring] for files matching pattern [/Users/zhaoxuefeng/workspace-eclipse/zhaoxf/target/test-classes/spring/*.class]
10:43:39.434 [main] DEBUG org.springframework.core.io.support.PathMatchingResourcePatternResolver - Resolved location pattern [classpath*:spring/*.class] to resources []
10:43:39.437 [main] DEBUG org.springframework.test.context.junit4.SpringJUnit4ClassRunner - SpringJUnit4ClassRunner constructor called with [class spring.boot.demo.MybatisTest]
10:43:39.438 [main] DEBUG org.springframework.test.context.BootstrapUtils - Instantiating CacheAwareContextLoaderDelegate from class [org.springframework.test.context.cache.DefaultCacheAwareContextLoaderDelegate]
10:43:39.438 [main] DEBUG org.springframework.test.context.BootstrapUtils - Instantiating BootstrapContext using constructor [public org.springframework.test.context.support.DefaultBootstrapContext(java.lang.Class,org.springframework.test.context.CacheAwareContextLoaderDelegate)]
10:43:39.438 [main] DEBUG org.springframework.test.context.BootstrapUtils - Instantiating TestContextBootstrapper for test class [spring.boot.demo.MybatisTest] from class [org.springframework.boot.test.context.SpringBootTestContextBootstrapper]
10:43:39.439 [main] INFO org.springframework.boot.test.context.SpringBootTestContextBootstrapper - Neither @ContextConfiguration nor @ContextHierarchy found for test class [spring.boot.demo.MybatisTest], using SpringBootContextLoader
10:43:39.439 [main] DEBUG org.springframework.test.context.support.AbstractContextLoader - Did not detect default resource location for test class [spring.boot.demo.MybatisTest]: class path resource [spring/boot/demo/MybatisTest-context.xml] does not exist
10:43:39.440 [main] DEBUG org.springframework.test.context.support.AbstractContextLoader - Did not detect default resource location for test class [spring.boot.demo.MybatisTest]: class path resource [spring/boot/demo/MybatisTestContext.groovy] does not exist
10:43:39.440 [main] INFO org.springframework.test.context.support.AbstractContextLoader - Could not detect default resource locations for test class [spring.boot.demo.MybatisTest]: no resource found for suffixes {-context.xml, Context.groovy}.
10:43:39.440 [main] INFO org.springframework.test.context.support.AnnotationConfigContextLoaderUtils - Could not detect default configuration classes for test class [spring.boot.demo.MybatisTest]: MybatisTest does not declare any static, non-private, non-final, nested classes annotated with @Configuration.
10:43:39.446 [main] DEBUG org.springframework.test.context.support.ActiveProfilesUtils - Could not find an 'annotation declaring class' for annotation type [org.springframework.test.context.ActiveProfiles] and class [spring.boot.demo.MybatisTest]
10:43:39.447 [main] DEBUG org.springframework.core.env.StandardEnvironment - Adding PropertySource 'systemProperties' with lowest search precedence
10:43:39.447 [main] DEBUG org.springframework.core.env.StandardEnvironment - Adding PropertySource 'systemEnvironment' with lowest search precedence
10:43:39.448 [main] DEBUG org.springframework.core.env.StandardEnvironment - Initialized StandardEnvironment with PropertySources [MapPropertySource@786041152 {name='systemProperties', properties={java.runtime.name=Java(TM) SE Runtime Environment, sun.boot.library.path=/Library/Java/JavaVirtualMachines/jdk1.8.0_161.jdk/Contents/Home/jre/lib, java.vm.version=25.161-b12, gopherProxySet=false, java.vm.vendor=Oracle Corporation, java.vendor.url=http://java.oracle.com/, path.separator=:, java.vm.name=Java HotSpot(TM) 64-Bit Server VM, file.encoding.pkg=sun.io, user.country=CN, sun.java.launcher=SUN_STANDARD, sun.os.patch.level=unknown, java.vm.specification.name=Java Virtual Machine Specification, user.dir=/Users/zhaoxuefeng/workspace-eclipse/zhaoxf, java.runtime.version=1.8.0_161-b12, basedir=/Users/zhaoxuefeng/workspace-eclipse/zhaoxf, java.awt.graphicsenv=sun.awt.CGraphicsEnvironment, java.endorsed.dirs=/Library/Java/JavaVirtualMachines/jdk1.8.0_161.jdk/Contents/Home/jre/lib/endorsed, os.arch=x86_64, surefire.real.class.path=/Users/zhaoxuefeng/workspace-eclipse/zhaoxf/target/surefire/surefirebooter2920431022213573765.jar, java.io.tmpdir=/var/folders/4_/kjr85bsx1xxf7wcxyt4w800c0000gn/T/, line.separator=
, java.vm.specification.vendor=Oracle Corporation, os.name=Mac OS X, sun.jnu.encoding=UTF-8, java.library.path=/Users/zhaoxuefeng/Library/Java/Extensions:/Library/Java/Extensions:/Network/Library/Java/Extensions:/System/Library/Java/Extensions:/usr/lib/java:., surefire.test.class.path=/Users/zhaoxuefeng/workspace-eclipse/zhaoxf/target/test-classes:/Users/zhaoxuefeng/workspace-eclipse/zhaoxf/target/classes:/Users/zhaoxuefeng/.m2/repository/org/springframework/boot/spring-boot-starter/1.5.9.RELEASE/spring-boot-starter-1.5.9.RELEASE.jar:/Users/zhaoxuefeng/.m2/repository/org/springframework/boot/spring-boot/1.5.9.RELEASE/spring-boot-1.5.9.RELEASE.jar:/Users/zhaoxuefeng/.m2/repository/org/springframework/boot/spring-boot-autoconfigure/1.5.9.RELEASE/spring-boot-autoconfigure-1.5.9.RELEASE.jar:/Users/zhaoxuefeng/.m2/repository/org/springframework/boot/spring-boot-starter-logging/1.5.9.RELEASE/spring-boot-starter-logging-1.5.9.RELEASE.jar:/Users/zhaoxuefeng/.m2/repository/ch/qos/logback/logback-classic/1.1.11/logback-classic-1.1.11.jar:/Users/zhaoxuefeng/.m2/repository/ch/qos/logback/logback-core/1.1.11/logback-core-1.1.11.jar:/Users/zhaoxuefeng/.m2/repository/org/slf4j/jcl-over-slf4j/1.7.25/jcl-over-slf4j-1.7.25.jar:/Users/zhaoxuefeng/.m2/repository/org/slf4j/jul-to-slf4j/1.7.25/jul-to-slf4j-1.7.25.jar:/Users/zhaoxuefeng/.m2/repository/org/slf4j/log4j-over-slf4j/1.7.25/log4j-over-slf4j-1.7.25.jar:/Users/zhaoxuefeng/.m2/repository/org/springframework/spring-core/4.3.13.RELEASE/spring-core-4.3.13.RELEASE.jar:/Users/zhaoxuefeng/.m2/repository/org/yaml/snakeyaml/1.17/snakeyaml-1.17.jar:/Users/zhaoxuefeng/.m2/repository/org/springframework/boot/spring-boot-starter-web/1.5.9.RELEASE/spring-boot-starter-web-1.5.9.RELEASE.jar:/Users/zhaoxuefeng/.m2/repository/org/springframework/boot/spring-boot-starter-tomcat/1.5.9.RELEASE/spring-boot-starter-tomcat-1.5.9.RELEASE.jar:/Users/zhaoxuefeng/.m2/repository/org/apache/tomcat/embed/tomcat-embed-core/8.5.23/tomcat-embed-core-8.5.23.jar:/Users/zhaoxuefeng/.m2/repository/org/apache/tomcat/tomcat-annotations-api/8.5.23/tomcat-annotations-api-8.5.23.jar:/Users/zhaoxuefeng/.m2/repository/org/apache/tomcat/embed/tomcat-embed-el/8.5.23/tomcat-embed-el-8.5.23.jar:/Users/zhaoxuefeng/.m2/repository/org/apache/tomcat/embed/tomcat-embed-websocket/8.5.23/tomcat-embed-websocket-8.5.23.jar:/Users/zhaoxuefeng/.m2/repository/org/hibernate/hibernate-validator/5.3.6.Final/hibernate-validator-5.3.6.Final.jar:/Users/zhaoxuefeng/.m2/repository/javax/validation/validation-api/1.1.0.Final/validation-api-1.1.0.Final.jar:/Users/zhaoxuefeng/.m2/repository/org/jboss/logging/jboss-logging/3.3.1.Final/jboss-logging-3.3.1.Final.jar:/Users/zhaoxuefeng/.m2/repository/com/fasterxml/classmate/1.3.4/classmate-1.3.4.jar:/Users/zhaoxuefeng/.m2/repository/com/fasterxml/jackson/core/jackson-databind/2.8.10/jackson-databind-2.8.10.jar:/Users/zhaoxuefeng/.m2/repository/com/fasterxml/jackson/core/jackson-annotations/2.8.0/jackson-annotations-2.8.0.jar:/Users/zhaoxuefeng/.m2/repository/com/fasterxml/jackson/core/jackson-core/2.8.10/jackson-core-2.8.10.jar:/Users/zhaoxuefeng/.m2/repository/org/springframework/spring-web/4.3.13.RELEASE/spring-web-4.3.13.RELEASE.jar:/Users/zhaoxuefeng/.m2/repository/org/springframework/spring-aop/4.3.13.RELEASE/spring-aop-4.3.13.RELEASE.jar:/Users/zhaoxuefeng/.m2/repository/org/springframework/spring-webmvc/4.3.13.RELEASE/spring-webmvc-4.3.13.RELEASE.jar:/Users/zhaoxuefeng/.m2/repository/org/springframework/spring-expression/4.3.13.RELEASE/spring-expression-4.3.13.RELEASE.jar:/Users/zhaoxuefeng/.m2/repository/org/springframework/boot/spring-boot-starter-jdbc/1.5.9.RELEASE/spring-boot-starter-jdbc-1.5.9.RELEASE.jar:/Users/zhaoxuefeng/.m2/repository/org/apache/tomcat/tomcat-jdbc/8.5.23/tomcat-jdbc-8.5.23.jar:/Users/zhaoxuefeng/.m2/repository/org/apache/tomcat/tomcat-juli/8.5.23/tomcat-juli-8.5.23.jar:/Users/zhaoxuefeng/.m2/repository/org/springframework/spring-jdbc/4.3.13.RELEASE/spring-jdbc-4.3.13.RELEASE.jar:/Users/zhaoxuefeng/.m2/repository/org/springframework/boot/spring-boot-starter-test/1.5.9.RELEASE/spring-boot-starter-test-1.5.9.RELEASE.jar:/Users/zhaoxuefeng/.m2/repository/org/springframework/boot/spring-boot-test/1.5.9.RELEASE/spring-boot-test-1.5.9.RELEASE.jar:/Users/zhaoxuefeng/.m2/repository/org/springframework/boot/spring-boot-test-autoconfigure/1.5.9.RELEASE/spring-boot-test-autoconfigure-1.5.9.RELEASE.jar:/Users/zhaoxuefeng/.m2/repository/com/jayway/jsonpath/json-path/2.2.0/json-path-2.2.0.jar:/Users/zhaoxuefeng/.m2/repository/net/minidev/json-smart/2.2.1/json-smart-2.2.1.jar:/Users/zhaoxuefeng/.m2/repository/net/minidev/accessors-smart/1.1/accessors-smart-1.1.jar:/Users/zhaoxuefeng/.m2/repository/org/ow2/asm/asm/5.0.3/asm-5.0.3.jar:/Users/zhaoxuefeng/.m2/repository/org/slf4j/slf4j-api/1.7.25/slf4j-api-1.7.25.jar:/Users/zhaoxuefeng/.m2/repository/org/assertj/assertj-core/2.6.0/assertj-core-2.6.0.jar:/Users/zhaoxuefeng/.m2/repository/org/mockito/mockito-core/1.10.19/mockito-core-1.10.19.jar:/Users/zhaoxuefeng/.m2/repository/org/objenesis/objenesis/2.1/objenesis-2.1.jar:/Users/zhaoxuefeng/.m2/repository/org/hamcrest/hamcrest-core/1.3/hamcrest-core-1.3.jar:/Users/zhaoxuefeng/.m2/repository/org/hamcrest/hamcrest-library/1.3/hamcrest-library-1.3.jar:/Users/zhaoxuefeng/.m2/repository/org/skyscreamer/jsonassert/1.4.0/jsonassert-1.4.0.jar:/Users/zhaoxuefeng/.m2/repository/org/springframework/boot/spring-boot-starter-thymeleaf/1.5.9.RELEASE/spring-boot-starter-thymeleaf-1.5.9.RELEASE.jar:/Users/zhaoxuefeng/.m2/repository/org/thymeleaf/thymeleaf-spring4/2.1.6.RELEASE/thymeleaf-spring4-2.1.6.RELEASE.jar:/Users/zhaoxuefeng/.m2/repository/org/thymeleaf/thymeleaf/2.1.6.RELEASE/thymeleaf-2.1.6.RELEASE.jar:/Users/zhaoxuefeng/.m2/repository/ognl/ognl/3.0.8/ognl-3.0.8.jar:/Users/zhaoxuefeng/.m2/repository/org/javassist/javassist/3.21.0-GA/javassist-3.21.0-GA.jar:/Users/zhaoxuefeng/.m2/repository/org/unbescape/unbescape/1.1.0.RELEASE/unbescape-1.1.0.RELEASE.jar:/Users/zhaoxuefeng/.m2/repository/nz/net/ultraq/thymeleaf/thymeleaf-layout-dialect/1.4.0/thymeleaf-layout-dialect-1.4.0.jar:/Users/zhaoxuefeng/.m2/repository/org/codehaus/groovy/groovy/2.4.13/groovy-2.4.13.jar:/Users/zhaoxuefeng/.m2/repository/org/springframework/spring-test/4.3.13.RELEASE/spring-test-4.3.13.RELEASE.jar:/Users/zhaoxuefeng/.m2/repository/org/springframework/boot/spring-boot-configuration-processor/1.5.9.RELEASE/spring-boot-configuration-processor-1.5.9.RELEASE.jar:/Users/zhaoxuefeng/.m2/repository/com/vaadin/external/google/android-json/0.0.20131108.vaadin1/android-json-0.0.20131108.vaadin1.jar:/Users/zhaoxuefeng/.m2/repository/junit/junit/4.12/junit-4.12.jar:/Users/zhaoxuefeng/.m2/repository/mysql/mysql-connector-java/5.1.44/mysql-connector-java-5.1.44.jar:/Users/zhaoxuefeng/.m2/repository/com/github/pagehelper/pagehelper-spring-boot-starter/1.1.2/pagehelper-spring-boot-starter-1.1.2.jar:/Users/zhaoxuefeng/.m2/repository/com/github/pagehelper/pagehelper-spring-boot-autoconfigure/1.1.2/pagehelper-spring-boot-autoconfigure-1.1.2.jar:/Users/zhaoxuefeng/.m2/repository/com/github/pagehelper/pagehelper/5.0.3/pagehelper-5.0.3.jar:/Users/zhaoxuefeng/.m2/repository/com/github/jsqlparser/jsqlparser/1.0/jsqlparser-1.0.jar:/Users/zhaoxuefeng/.m2/repository/org/mybatis/spring/boot/mybatis-spring-boot-starter/1.3.2/mybatis-spring-boot-starter-1.3.2.jar:/Users/zhaoxuefeng/.m2/repository/org/mybatis/spring/boot/mybatis-spring-boot-autoconfigure/1.3.2/mybatis-spring-boot-autoconfigure-1.3.2.jar:/Users/zhaoxuefeng/.m2/repository/org/mybatis/mybatis-spring/1.3.2/mybatis-spring-1.3.2.jar:/Users/zhaoxuefeng/.m2/repository/org/mybatis/mybatis/3.4.6/mybatis-3.4.6.jar:/Users/zhaoxuefeng/.m2/repository/commons-dbcp/commons-dbcp/1.4/commons-dbcp-1.4.jar:/Users/zhaoxuefeng/.m2/repository/commons-pool/commons-pool/1.6/commons-pool-1.6.jar:/Users/zhaoxuefeng/.m2/repository/org/springframework/spring-tx/4.3.13.RELEASE/spring-tx-4.3.13.RELEASE.jar:/Users/zhaoxuefeng/.m2/repository/org/springframework/spring-beans/4.3.13.RELEASE/spring-beans-4.3.13.RELEASE.jar:/Users/zhaoxuefeng/.m2/repository/org/springframework/spring-aspects/4.3.13.RELEASE/spring-aspects-4.3.13.RELEASE.jar:/Users/zhaoxuefeng/.m2/repository/org/aspectj/aspectjweaver/1.8.13/aspectjweaver-1.8.13.jar:/Users/zhaoxuefeng/.m2/repository/org/springframework/boot/spring-boot-starter-data-redis/1.5.9.RELEASE/spring-boot-starter-data-redis-1.5.9.RELEASE.jar:/Users/zhaoxuefeng/.m2/repository/org/springframework/data/spring-data-redis/1.8.9.RELEASE/spring-data-redis-1.8.9.RELEASE.jar:/Users/zhaoxuefeng/.m2/repository/org/springframework/data/spring-data-keyvalue/1.2.9.RELEASE/spring-data-keyvalue-1.2.9.RELEASE.jar:/Users/zhaoxuefeng/.m2/repository/org/springframework/data/spring-data-commons/1.13.9.RELEASE/spring-data-commons-1.13.9.RELEASE.jar:/Users/zhaoxuefeng/.m2/repository/org/springframework/spring-oxm/4.3.13.RELEASE/spring-oxm-4.3.13.RELEASE.jar:/Users/zhaoxuefeng/.m2/repository/redis/clients/jedis/2.9.0/jedis-2.9.0.jar:/Users/zhaoxuefeng/.m2/repository/org/springframework/boot/spring-boot-starter-cache/1.5.9.RELEASE/spring-boot-starter-cache-1.5.9.RELEASE.jar:/Users/zhaoxuefeng/.m2/repository/org/springframework/spring-context/4.3.13.RELEASE/spring-context-4.3.13.RELEASE.jar:/Users/zhaoxuefeng/.m2/repository/org/springframework/spring-context-support/4.3.13.RELEASE/spring-context-support-4.3.13.RELEASE.jar:/Users/zhaoxuefeng/.m2/repository/org/springframework/session/spring-session-data-redis/1.3.1.RELEASE/spring-session-data-redis-1.3.1.RELEASE.jar:/Users/zhaoxuefeng/.m2/repository/org/apache/commons/commons-pool2/2.4.3/commons-pool2-2.4.3.jar:/Users/zhaoxuefeng/.m2/repository/org/springframework/session/spring-session/1.3.1.RELEASE/spring-session-1.3.1.RELEASE.jar:/Users/zhaoxuefeng/.m2/repository/com/alibaba/druid/1.1.9/druid-1.1.9.jar:, java.specification.name=Java Platform API Specification, java.class.version=52.0, sun.management.compiler=HotSpot 64-Bit Tiered Compilers, os.version=10.13.5, user.home=/Users/zhaoxuefeng, user.timezone=Asia/Shanghai, java.awt.printerjob=sun.lwawt.macosx.CPrinterJob, file.encoding=UTF-8, java.specification.version=1.8, java.class.path=/Users/zhaoxuefeng/workspace-eclipse/zhaoxf/target/test-classes:/Users/zhaoxuefeng/workspace-eclipse/zhaoxf/target/classes:/Users/zhaoxuefeng/.m2/repository/org/springframework/boot/spring-boot-starter/1.5.9.RELEASE/spring-boot-starter-1.5.9.RELEASE.jar:/Users/zhaoxuefeng/.m2/repository/org/springframework/boot/spring-boot/1.5.9.RELEASE/spring-boot-1.5.9.RELEASE.jar:/Users/zhaoxuefeng/.m2/repository/org/springframework/boot/spring-boot-autoconfigure/1.5.9.RELEASE/spring-boot-autoconfigure-1.5.9.RELEASE.jar:/Users/zhaoxuefeng/.m2/repository/org/springframework/boot/spring-boot-starter-logging/1.5.9.RELEASE/spring-boot-starter-logging-1.5.9.RELEASE.jar:/Users/zhaoxuefeng/.m2/repository/ch/qos/logback/logback-classic/1.1.11/logback-classic-1.1.11.jar:/Users/zhaoxuefeng/.m2/repository/ch/qos/logback/logback-core/1.1.11/logback-core-1.1.11.jar:/Users/zhaoxuefeng/.m2/repository/org/slf4j/jcl-over-slf4j/1.7.25/jcl-over-slf4j-1.7.25.jar:/Users/zhaoxuefeng/.m2/repository/org/slf4j/jul-to-slf4j/1.7.25/jul-to-slf4j-1.7.25.jar:/Users/zhaoxuefeng/.m2/repository/org/slf4j/log4j-over-slf4j/1.7.25/log4j-over-slf4j-1.7.25.jar:/Users/zhaoxuefeng/.m2/repository/org/springframework/spring-core/4.3.13.RELEASE/spring-core-4.3.13.RELEASE.jar:/Users/zhaoxuefeng/.m2/repository/org/yaml/snakeyaml/1.17/snakeyaml-1.17.jar:/Users/zhaoxuefeng/.m2/repository/org/springframework/boot/spring-boot-starter-web/1.5.9.RELEASE/spring-boot-starter-web-1.5.9.RELEASE.jar:/Users/zhaoxuefeng/.m2/repository/org/springframework/boot/spring-boot-starter-tomcat/1.5.9.RELEASE/spring-boot-starter-tomcat-1.5.9.RELEASE.jar:/Users/zhaoxuefeng/.m2/repository/org/apache/tomcat/embed/tomcat-embed-core/8.5.23/tomcat-embed-core-8.5.23.jar:/Users/zhaoxuefeng/.m2/repository/org/apache/tomcat/tomcat-annotations-api/8.5.23/tomcat-annotations-api-8.5.23.jar:/Users/zhaoxuefeng/.m2/repository/org/apache/tomcat/embed/tomcat-embed-el/8.5.23/tomcat-embed-el-8.5.23.jar:/Users/zhaoxuefeng/.m2/repository/org/apache/tomcat/embed/tomcat-embed-websocket/8.5.23/tomcat-embed-websocket-8.5.23.jar:/Users/zhaoxuefeng/.m2/repository/org/hibernate/hibernate-validator/5.3.6.Final/hibernate-validator-5.3.6.Final.jar:/Users/zhaoxuefeng/.m2/repository/javax/validation/validation-api/1.1.0.Final/validation-api-1.1.0.Final.jar:/Users/zhaoxuefeng/.m2/repository/org/jboss/logging/jboss-logging/3.3.1.Final/jboss-logging-3.3.1.Final.jar:/Users/zhaoxuefeng/.m2/repository/com/fasterxml/classmate/1.3.4/classmate-1.3.4.jar:/Users/zhaoxuefeng/.m2/repository/com/fasterxml/jackson/core/jackson-databind/2.8.10/jackson-databind-2.8.10.jar:/Users/zhaoxuefeng/.m2/repository/com/fasterxml/jackson/core/jackson-annotations/2.8.0/jackson-annotations-2.8.0.jar:/Users/zhaoxuefeng/.m2/repository/com/fasterxml/jackson/core/jackson-core/2.8.10/jackson-core-2.8.10.jar:/Users/zhaoxuefeng/.m2/repository/org/springframework/spring-web/4.3.13.RELEASE/spring-web-4.3.13.RELEASE.jar:/Users/zhaoxuefeng/.m2/repository/org/springframework/spring-aop/4.3.13.RELEASE/spring-aop-4.3.13.RELEASE.jar:/Users/zhaoxuefeng/.m2/repository/org/springframework/spring-webmvc/4.3.13.RELEASE/spring-webmvc-4.3.13.RELEASE.jar:/Users/zhaoxuefeng/.m2/repository/org/springframework/spring-expression/4.3.13.RELEASE/spring-expression-4.3.13.RELEASE.jar:/Users/zhaoxuefeng/.m2/repository/org/springframework/boot/spring-boot-starter-jdbc/1.5.9.RELEASE/spring-boot-starter-jdbc-1.5.9.RELEASE.jar:/Users/zhaoxuefeng/.m2/repository/org/apache/tomcat/tomcat-jdbc/8.5.23/tomcat-jdbc-8.5.23.jar:/Users/zhaoxuefeng/.m2/repository/org/apache/tomcat/tomcat-juli/8.5.23/tomcat-juli-8.5.23.jar:/Users/zhaoxuefeng/.m2/repository/org/springframework/spring-jdbc/4.3.13.RELEASE/spring-jdbc-4.3.13.RELEASE.jar:/Users/zhaoxuefeng/.m2/repository/org/springframework/boot/spring-boot-starter-test/1.5.9.RELEASE/spring-boot-starter-test-1.5.9.RELEASE.jar:/Users/zhaoxuefeng/.m2/repository/org/springframework/boot/spring-boot-test/1.5.9.RELEASE/spring-boot-test-1.5.9.RELEASE.jar:/Users/zhaoxuefeng/.m2/repository/org/springframework/boot/spring-boot-test-autoconfigure/1.5.9.RELEASE/spring-boot-test-autoconfigure-1.5.9.RELEASE.jar:/Users/zhaoxuefeng/.m2/repository/com/jayway/jsonpath/json-path/2.2.0/json-path-2.2.0.jar:/Users/zhaoxuefeng/.m2/repository/net/minidev/json-smart/2.2.1/json-smart-2.2.1.jar:/Users/zhaoxuefeng/.m2/repository/net/minidev/accessors-smart/1.1/accessors-smart-1.1.jar:/Users/zhaoxuefeng/.m2/repository/org/ow2/asm/asm/5.0.3/asm-5.0.3.jar:/Users/zhaoxuefeng/.m2/repository/org/slf4j/slf4j-api/1.7.25/slf4j-api-1.7.25.jar:/Users/zhaoxuefeng/.m2/repository/org/assertj/assertj-core/2.6.0/assertj-core-2.6.0.jar:/Users/zhaoxuefeng/.m2/repository/org/mockito/mockito-core/1.10.19/mockito-core-1.10.19.jar:/Users/zhaoxuefeng/.m2/repository/org/objenesis/objenesis/2.1/objenesis-2.1.jar:/Users/zhaoxuefeng/.m2/repository/org/hamcrest/hamcrest-core/1.3/hamcrest-core-1.3.jar:/Users/zhaoxuefeng/.m2/repository/org/hamcrest/hamcrest-library/1.3/hamcrest-library-1.3.jar:/Users/zhaoxuefeng/.m2/repository/org/skyscreamer/jsonassert/1.4.0/jsonassert-1.4.0.jar:/Users/zhaoxuefeng/.m2/repository/org/springframework/boot/spring-boot-starter-thymeleaf/1.5.9.RELEASE/spring-boot-starter-thymeleaf-1.5.9.RELEASE.jar:/Users/zhaoxuefeng/.m2/repository/org/thymeleaf/thymeleaf-spring4/2.1.6.RELEASE/thymeleaf-spring4-2.1.6.RELEASE.jar:/Users/zhaoxuefeng/.m2/repository/org/thymeleaf/thymeleaf/2.1.6.RELEASE/thymeleaf-2.1.6.RELEASE.jar:/Users/zhaoxuefeng/.m2/repository/ognl/ognl/3.0.8/ognl-3.0.8.jar:/Users/zhaoxuefeng/.m2/repository/org/javassist/javassist/3.21.0-GA/javassist-3.21.0-GA.jar:/Users/zhaoxuefeng/.m2/repository/org/unbescape/unbescape/1.1.0.RELEASE/unbescape-1.1.0.RELEASE.jar:/Users/zhaoxuefeng/.m2/repository/nz/net/ultraq/thymeleaf/thymeleaf-layout-dialect/1.4.0/thymeleaf-layout-dialect-1.4.0.jar:/Users/zhaoxuefeng/.m2/repository/org/codehaus/groovy/groovy/2.4.13/groovy-2.4.13.jar:/Users/zhaoxuefeng/.m2/repository/org/springframework/spring-test/4.3.13.RELEASE/spring-test-4.3.13.RELEASE.jar:/Users/zhaoxuefeng/.m2/repository/org/springframework/boot/spring-boot-configuration-processor/1.5.9.RELEASE/spring-boot-configuration-processor-1.5.9.RELEASE.jar:/Users/zhaoxuefeng/.m2/repository/com/vaadin/external/google/android-json/0.0.20131108.vaadin1/android-json-0.0.20131108.vaadin1.jar:/Users/zhaoxuefeng/.m2/repository/junit/junit/4.12/junit-4.12.jar:/Users/zhaoxuefeng/.m2/repository/mysql/mysql-connector-java/5.1.44/mysql-connector-java-5.1.44.jar:/Users/zhaoxuefeng/.m2/repository/com/github/pagehelper/pagehelper-spring-boot-starter/1.1.2/pagehelper-spring-boot-starter-1.1.2.jar:/Users/zhaoxuefeng/.m2/repository/com/github/pagehelper/pagehelper-spring-boot-autoconfigure/1.1.2/pagehelper-spring-boot-autoconfigure-1.1.2.jar:/Users/zhaoxuefeng/.m2/repository/com/github/pagehelper/pagehelper/5.0.3/pagehelper-5.0.3.jar:/Users/zhaoxuefeng/.m2/repository/com/github/jsqlparser/jsqlparser/1.0/jsqlparser-1.0.jar:/Users/zhaoxuefeng/.m2/repository/org/mybatis/spring/boot/mybatis-spring-boot-starter/1.3.2/mybatis-spring-boot-starter-1.3.2.jar:/Users/zhaoxuefeng/.m2/repository/org/mybatis/spring/boot/mybatis-spring-boot-autoconfigure/1.3.2/mybatis-spring-boot-autoconfigure-1.3.2.jar:/Users/zhaoxuefeng/.m2/repository/org/mybatis/mybatis-spring/1.3.2/mybatis-spring-1.3.2.jar:/Users/zhaoxuefeng/.m2/repository/org/mybatis/mybatis/3.4.6/mybatis-3.4.6.jar:/Users/zhaoxuefeng/.m2/repository/commons-dbcp/commons-dbcp/1.4/commons-dbcp-1.4.jar:/Users/zhaoxuefeng/.m2/repository/commons-pool/commons-pool/1.6/commons-pool-1.6.jar:/Users/zhaoxuefeng/.m2/repository/org/springframework/spring-tx/4.3.13.RELEASE/spring-tx-4.3.13.RELEASE.jar:/Users/zhaoxuefeng/.m2/repository/org/springframework/spring-beans/4.3.13.RELEASE/spring-beans-4.3.13.RELEASE.jar:/Users/zhaoxuefeng/.m2/repository/org/springframework/spring-aspects/4.3.13.RELEASE/spring-aspects-4.3.13.RELEASE.jar:/Users/zhaoxuefeng/.m2/repository/org/aspectj/aspectjweaver/1.8.13/aspectjweaver-1.8.13.jar:/Users/zhaoxuefeng/.m2/repository/org/springframework/boot/spring-boot-starter-data-redis/1.5.9.RELEASE/spring-boot-starter-data-redis-1.5.9.RELEASE.jar:/Users/zhaoxuefeng/.m2/repository/org/springframework/data/spring-data-redis/1.8.9.RELEASE/spring-data-redis-1.8.9.RELEASE.jar:/Users/zhaoxuefeng/.m2/repository/org/springframework/data/spring-data-keyvalue/1.2.9.RELEASE/spring-data-keyvalue-1.2.9.RELEASE.jar:/Users/zhaoxuefeng/.m2/repository/org/springframework/data/spring-data-commons/1.13.9.RELEASE/spring-data-commons-1.13.9.RELEASE.jar:/Users/zhaoxuefeng/.m2/repository/org/springframework/spring-oxm/4.3.13.RELEASE/spring-oxm-4.3.13.RELEASE.jar:/Users/zhaoxuefeng/.m2/repository/redis/clients/jedis/2.9.0/jedis-2.9.0.jar:/Users/zhaoxuefeng/.m2/repository/org/springframework/boot/spring-boot-starter-cache/1.5.9.RELEASE/spring-boot-starter-cache-1.5.9.RELEASE.jar:/Users/zhaoxuefeng/.m2/repository/org/springframework/spring-context/4.3.13.RELEASE/spring-context-4.3.13.RELEASE.jar:/Users/zhaoxuefeng/.m2/repository/org/springframework/spring-context-support/4.3.13.RELEASE/spring-context-support-4.3.13.RELEASE.jar:/Users/zhaoxuefeng/.m2/repository/org/springframework/session/spring-session-data-redis/1.3.1.RELEASE/spring-session-data-redis-1.3.1.RELEASE.jar:/Users/zhaoxuefeng/.m2/repository/org/apache/commons/commons-pool2/2.4.3/commons-pool2-2.4.3.jar:/Users/zhaoxuefeng/.m2/repository/org/springframework/session/spring-session/1.3.1.RELEASE/spring-session-1.3.1.RELEASE.jar:/Users/zhaoxuefeng/.m2/repository/com/alibaba/druid/1.1.9/druid-1.1.9.jar:, user.name=zhaoxuefeng, java.vm.specification.version=1.8, sun.java.command=/Users/zhaoxuefeng/workspace-eclipse/zhaoxf/target/surefire/surefirebooter2920431022213573765.jar /Users/zhaoxuefeng/workspace-eclipse/zhaoxf/target/surefire/surefire5867384948282405393tmp /Users/zhaoxuefeng/workspace-eclipse/zhaoxf/target/surefire/surefire_03394509475860516695tmp, java.home=/Library/Java/JavaVirtualMachines/jdk1.8.0_161.jdk/Contents/Home/jre, sun.arch.data.model=64, user.language=zh, java.specification.vendor=Oracle Corporation, awt.toolkit=sun.lwawt.macosx.LWCToolkit, java.vm.info=mixed mode, java.version=1.8.0_161, java.ext.dirs=/Users/zhaoxuefeng/Library/Java/Extensions:/Library/Java/JavaVirtualMachines/jdk1.8.0_161.jdk/Contents/Home/jre/lib/ext:/Library/Java/Extensions:/Network/Library/Java/Extensions:/System/Library/Java/Extensions:/usr/lib/java, sun.boot.class.path=/Library/Java/JavaVirtualMachines/jdk1.8.0_161.jdk/Contents/Home/jre/lib/resources.jar:/Library/Java/JavaVirtualMachines/jdk1.8.0_161.jdk/Contents/Home/jre/lib/rt.jar:/Library/Java/JavaVirtualMachines/jdk1.8.0_161.jdk/Contents/Home/jre/lib/sunrsasign.jar:/Library/Java/JavaVirtualMachines/jdk1.8.0_161.jdk/Contents/Home/jre/lib/jsse.jar:/Library/Java/JavaVirtualMachines/jdk1.8.0_161.jdk/Contents/Home/jre/lib/jce.jar:/Library/Java/JavaVirtualMachines/jdk1.8.0_161.jdk/Contents/Home/jre/lib/charsets.jar:/Library/Java/JavaVirtualMachines/jdk1.8.0_161.jdk/Contents/Home/jre/lib/jfr.jar:/Library/Java/JavaVirtualMachines/jdk1.8.0_161.jdk/Contents/Home/jre/classes, java.vendor=Oracle Corporation, localRepository=/Users/zhaoxuefeng/.m2/repository, file.separator=/, java.vendor.url.bug=http://bugreport.sun.com/bugreport/, sun.io.unicode.encoding=UnicodeBig, sun.cpu.endian=little, sun.cpu.isalist=}}, SystemEnvironmentPropertySource@897074030 {name='systemEnvironment', properties={PATH=/usr/bin:/bin:/usr/sbin:/sbin, SHELL=/bin/bash, JAVA_MAIN_CLASS_1681=org.codehaus.plexus.classworlds.launcher.Launcher, OLDPWD=/Users/zhaoxuefeng/workspace-eclipse/zhaoxf, USER=zhaoxuefeng, TMPDIR=/var/folders/4_/kjr85bsx1xxf7wcxyt4w800c0000gn/T/, SSH_AUTH_SOCK=/private/tmp/com.apple.launchd.7tzt9kxjpS/Listeners, XPC_FLAGS=0x0, JAVA_STARTED_ON_FIRST_THREAD_1339=1, __CF_USER_TEXT_ENCODING=0x1F5:0x19:0x34, JAVA_MAIN_CLASS_1683=org.apache.maven.surefire.booter.ForkedBooter, Apple_PubSub_Socket_Render=/private/tmp/com.apple.launchd.Y6WNExJCgP/Render, LOGNAME=zhaoxuefeng, APP_ICON_1339=../Resources/Eclipse.icns, XPC_SERVICE_NAME=0, PWD=/Users/zhaoxuefeng/workspace-eclipse/zhaoxf, HOME=/Users/zhaoxuefeng, SHLVL=1, _=/Library/Java/JavaVirtualMachines/jdk1.8.0_161.jdk/Contents/Home/jre/bin/java}}]
10:43:39.453 [main] DEBUG org.springframework.core.io.support.PathMatchingResourcePatternResolver - Resolved classpath location [spring/boot/demo/] to resources [URL [file:/Users/zhaoxuefeng/workspace-eclipse/zhaoxf/target/test-classes/spring/boot/demo/]]
10:43:39.454 [main] DEBUG org.springframework.core.io.support.PathMatchingResourcePatternResolver - Looking for matching resources in directory tree [/Users/zhaoxuefeng/workspace-eclipse/zhaoxf/target/test-classes/spring/boot/demo]
10:43:39.455 [main] DEBUG org.springframework.core.io.support.PathMatchingResourcePatternResolver - Searching directory [/Users/zhaoxuefeng/workspace-eclipse/zhaoxf/target/test-classes/spring/boot/demo] for files matching pattern [/Users/zhaoxuefeng/workspace-eclipse/zhaoxf/target/test-classes/spring/boot/demo/*.class]
10:43:39.456 [main] DEBUG org.springframework.core.io.support.PathMatchingResourcePatternResolver - Resolved location pattern [classpath*:spring/boot/demo/*.class] to resources [file [/Users/zhaoxuefeng/workspace-eclipse/zhaoxf/target/test-classes/spring/boot/demo/DemoTest.class], file [/Users/zhaoxuefeng/workspace-eclipse/zhaoxf/target/test-classes/spring/boot/demo/GetProperties.class], file [/Users/zhaoxuefeng/workspace-eclipse/zhaoxf/target/test-classes/spring/boot/demo/Hosting.class], file [/Users/zhaoxuefeng/workspace-eclipse/zhaoxf/target/test-classes/spring/boot/demo/MybatisTest.class], file [/Users/zhaoxuefeng/workspace-eclipse/zhaoxf/target/test-classes/spring/boot/demo/RedisTest.class]]
10:43:39.458 [main] DEBUG org.springframework.core.io.support.PathMatchingResourcePatternResolver - Resolved classpath location [spring/boot/] to resources [URL [file:/Users/zhaoxuefeng/workspace-eclipse/zhaoxf/target/test-classes/spring/boot/]]
10:43:39.458 [main] DEBUG org.springframework.core.io.support.PathMatchingResourcePatternResolver - Looking for matching resources in directory tree [/Users/zhaoxuefeng/workspace-eclipse/zhaoxf/target/test-classes/spring/boot]
10:43:39.459 [main] DEBUG org.springframework.core.io.support.PathMatchingResourcePatternResolver - Searching directory [/Users/zhaoxuefeng/workspace-eclipse/zhaoxf/target/test-classes/spring/boot] for files matching pattern [/Users/zhaoxuefeng/workspace-eclipse/zhaoxf/target/test-classes/spring/boot/*.class]
10:43:39.459 [main] DEBUG org.springframework.core.io.support.PathMatchingResourcePatternResolver - Resolved location pattern [classpath*:spring/boot/*.class] to resources []
10:43:39.460 [main] DEBUG org.springframework.core.io.support.PathMatchingResourcePatternResolver - Resolved classpath location [spring/] to resources [URL [file:/Users/zhaoxuefeng/workspace-eclipse/zhaoxf/target/test-classes/spring/]]
10:43:39.460 [main] DEBUG org.springframework.core.io.support.PathMatchingResourcePatternResolver - Looking for matching resources in directory tree [/Users/zhaoxuefeng/workspace-eclipse/zhaoxf/target/test-classes/spring]
10:43:39.460 [main] DEBUG org.springframework.core.io.support.PathMatchingResourcePatternResolver - Searching directory [/Users/zhaoxuefeng/workspace-eclipse/zhaoxf/target/test-classes/spring] for files matching pattern [/Users/zhaoxuefeng/workspace-eclipse/zhaoxf/target/test-classes/spring/*.class]
10:43:39.461 [main] DEBUG org.springframework.core.io.support.PathMatchingResourcePatternResolver - Resolved location pattern [classpath*:spring/*.class] to resources []
10:43:39.462 [main] DEBUG org.springframework.test.context.junit4.SpringJUnit4ClassRunner - SpringJUnit4ClassRunner constructor called with [class spring.boot.demo.DemoTest]
10:43:39.463 [main] DEBUG org.springframework.test.context.BootstrapUtils - Instantiating CacheAwareContextLoaderDelegate from class [org.springframework.test.context.cache.DefaultCacheAwareContextLoaderDelegate]
10:43:39.463 [main] DEBUG org.springframework.test.context.BootstrapUtils - Instantiating BootstrapContext using constructor [public org.springframework.test.context.support.DefaultBootstrapContext(java.lang.Class,org.springframework.test.context.CacheAwareContextLoaderDelegate)]
10:43:39.463 [main] DEBUG org.springframework.test.context.BootstrapUtils - Instantiating TestContextBootstrapper for test class [spring.boot.demo.DemoTest] from class [org.springframework.boot.test.context.SpringBootTestContextBootstrapper]
10:43:39.466 [main] INFO org.springframework.boot.test.context.SpringBootTestContextBootstrapper - Neither @ContextConfiguration nor @ContextHierarchy found for test class [spring.boot.demo.DemoTest], using SpringBootContextLoader
10:43:39.466 [main] DEBUG org.springframework.test.context.support.AbstractContextLoader - Did not detect default resource location for test class [spring.boot.demo.DemoTest]: class path resource [spring/boot/demo/DemoTest-context.xml] does not exist
10:43:39.467 [main] DEBUG org.springframework.test.context.support.AbstractContextLoader - Did not detect default resource location for test class [spring.boot.demo.DemoTest]: class path resource [spring/boot/demo/DemoTestContext.groovy] does not exist
10:43:39.467 [main] INFO org.springframework.test.context.support.AbstractContextLoader - Could not detect default resource locations for test class [spring.boot.demo.DemoTest]: no resource found for suffixes {-context.xml, Context.groovy}.
10:43:39.467 [main] INFO org.springframework.test.context.support.AnnotationConfigContextLoaderUtils - Could not detect default configuration classes for test class [spring.boot.demo.DemoTest]: DemoTest does not declare any static, non-private, non-final, nested classes annotated with @Configuration.
10:43:39.483 [main] DEBUG org.springframework.test.context.support.ActiveProfilesUtils - Could not find an 'annotation declaring class' for annotation type [org.springframework.test.context.ActiveProfiles] and class [spring.boot.demo.DemoTest]
10:43:39.484 [main] DEBUG org.springframework.core.env.StandardEnvironment - Adding PropertySource 'systemProperties' with lowest search precedence
10:43:39.484 [main] DEBUG org.springframework.core.env.StandardEnvironment - Adding PropertySource 'systemEnvironment' with lowest search precedence
10:43:39.485 [main] DEBUG org.springframework.core.env.StandardEnvironment - Initialized StandardEnvironment with PropertySources [MapPropertySource@1843289228 {name='systemProperties', properties={java.runtime.name=Java(TM) SE Runtime Environment, sun.boot.library.path=/Library/Java/JavaVirtualMachines/jdk1.8.0_161.jdk/Contents/Home/jre/lib, java.vm.version=25.161-b12, gopherProxySet=false, java.vm.vendor=Oracle Corporation, java.vendor.url=http://java.oracle.com/, path.separator=:, java.vm.name=Java HotSpot(TM) 64-Bit Server VM, file.encoding.pkg=sun.io, user.country=CN, sun.java.launcher=SUN_STANDARD, sun.os.patch.level=unknown, java.vm.specification.name=Java Virtual Machine Specification, user.dir=/Users/zhaoxuefeng/workspace-eclipse/zhaoxf, java.runtime.version=1.8.0_161-b12, basedir=/Users/zhaoxuefeng/workspace-eclipse/zhaoxf, java.awt.graphicsenv=sun.awt.CGraphicsEnvironment, java.endorsed.dirs=/Library/Java/JavaVirtualMachines/jdk1.8.0_161.jdk/Contents/Home/jre/lib/endorsed, os.arch=x86_64, surefire.real.class.path=/Users/zhaoxuefeng/workspace-eclipse/zhaoxf/target/surefire/surefirebooter2920431022213573765.jar, java.io.tmpdir=/var/folders/4_/kjr85bsx1xxf7wcxyt4w800c0000gn/T/, line.separator=
, java.vm.specification.vendor=Oracle Corporation, os.name=Mac OS X, sun.jnu.encoding=UTF-8, java.library.path=/Users/zhaoxuefeng/Library/Java/Extensions:/Library/Java/Extensions:/Network/Library/Java/Extensions:/System/Library/Java/Extensions:/usr/lib/java:., surefire.test.class.path=/Users/zhaoxuefeng/workspace-eclipse/zhaoxf/target/test-classes:/Users/zhaoxuefeng/workspace-eclipse/zhaoxf/target/classes:/Users/zhaoxuefeng/.m2/repository/org/springframework/boot/spring-boot-starter/1.5.9.RELEASE/spring-boot-starter-1.5.9.RELEASE.jar:/Users/zhaoxuefeng/.m2/repository/org/springframework/boot/spring-boot/1.5.9.RELEASE/spring-boot-1.5.9.RELEASE.jar:/Users/zhaoxuefeng/.m2/repository/org/springframework/boot/spring-boot-autoconfigure/1.5.9.RELEASE/spring-boot-autoconfigure-1.5.9.RELEASE.jar:/Users/zhaoxuefeng/.m2/repository/org/springframework/boot/spring-boot-starter-logging/1.5.9.RELEASE/spring-boot-starter-logging-1.5.9.RELEASE.jar:/Users/zhaoxuefeng/.m2/repository/ch/qos/logback/logback-classic/1.1.11/logback-classic-1.1.11.jar:/Users/zhaoxuefeng/.m2/repository/ch/qos/logback/logback-core/1.1.11/logback-core-1.1.11.jar:/Users/zhaoxuefeng/.m2/repository/org/slf4j/jcl-over-slf4j/1.7.25/jcl-over-slf4j-1.7.25.jar:/Users/zhaoxuefeng/.m2/repository/org/slf4j/jul-to-slf4j/1.7.25/jul-to-slf4j-1.7.25.jar:/Users/zhaoxuefeng/.m2/repository/org/slf4j/log4j-over-slf4j/1.7.25/log4j-over-slf4j-1.7.25.jar:/Users/zhaoxuefeng/.m2/repository/org/springframework/spring-core/4.3.13.RELEASE/spring-core-4.3.13.RELEASE.jar:/Users/zhaoxuefeng/.m2/repository/org/yaml/snakeyaml/1.17/snakeyaml-1.17.jar:/Users/zhaoxuefeng/.m2/repository/org/springframework/boot/spring-boot-starter-web/1.5.9.RELEASE/spring-boot-starter-web-1.5.9.RELEASE.jar:/Users/zhaoxuefeng/.m2/repository/org/springframework/boot/spring-boot-starter-tomcat/1.5.9.RELEASE/spring-boot-starter-tomcat-1.5.9.RELEASE.jar:/Users/zhaoxuefeng/.m2/repository/org/apache/tomcat/embed/tomcat-embed-core/8.5.23/tomcat-embed-core-8.5.23.jar:/Users/zhaoxuefeng/.m2/repository/org/apache/tomcat/tomcat-annotations-api/8.5.23/tomcat-annotations-api-8.5.23.jar:/Users/zhaoxuefeng/.m2/repository/org/apache/tomcat/embed/tomcat-embed-el/8.5.23/tomcat-embed-el-8.5.23.jar:/Users/zhaoxuefeng/.m2/repository/org/apache/tomcat/embed/tomcat-embed-websocket/8.5.23/tomcat-embed-websocket-8.5.23.jar:/Users/zhaoxuefeng/.m2/repository/org/hibernate/hibernate-validator/5.3.6.Final/hibernate-validator-5.3.6.Final.jar:/Users/zhaoxuefeng/.m2/repository/javax/validation/validation-api/1.1.0.Final/validation-api-1.1.0.Final.jar:/Users/zhaoxuefeng/.m2/repository/org/jboss/logging/jboss-logging/3.3.1.Final/jboss-logging-3.3.1.Final.jar:/Users/zhaoxuefeng/.m2/repository/com/fasterxml/classmate/1.3.4/classmate-1.3.4.jar:/Users/zhaoxuefeng/.m2/repository/com/fasterxml/jackson/core/jackson-databind/2.8.10/jackson-databind-2.8.10.jar:/Users/zhaoxuefeng/.m2/repository/com/fasterxml/jackson/core/jackson-annotations/2.8.0/jackson-annotations-2.8.0.jar:/Users/zhaoxuefeng/.m2/repository/com/fasterxml/jackson/core/jackson-core/2.8.10/jackson-core-2.8.10.jar:/Users/zhaoxuefeng/.m2/repository/org/springframework/spring-web/4.3.13.RELEASE/spring-web-4.3.13.RELEASE.jar:/Users/zhaoxuefeng/.m2/repository/org/springframework/spring-aop/4.3.13.RELEASE/spring-aop-4.3.13.RELEASE.jar:/Users/zhaoxuefeng/.m2/repository/org/springframework/spring-webmvc/4.3.13.RELEASE/spring-webmvc-4.3.13.RELEASE.jar:/Users/zhaoxuefeng/.m2/repository/org/springframework/spring-expression/4.3.13.RELEASE/spring-expression-4.3.13.RELEASE.jar:/Users/zhaoxuefeng/.m2/repository/org/springframework/boot/spring-boot-starter-jdbc/1.5.9.RELEASE/spring-boot-starter-jdbc-1.5.9.RELEASE.jar:/Users/zhaoxuefeng/.m2/repository/org/apache/tomcat/tomcat-jdbc/8.5.23/tomcat-jdbc-8.5.23.jar:/Users/zhaoxuefeng/.m2/repository/org/apache/tomcat/tomcat-juli/8.5.23/tomcat-juli-8.5.23.jar:/Users/zhaoxuefeng/.m2/repository/org/springframework/spring-jdbc/4.3.13.RELEASE/spring-jdbc-4.3.13.RELEASE.jar:/Users/zhaoxuefeng/.m2/repository/org/springframework/boot/spring-boot-starter-test/1.5.9.RELEASE/spring-boot-starter-test-1.5.9.RELEASE.jar:/Users/zhaoxuefeng/.m2/repository/org/springframework/boot/spring-boot-test/1.5.9.RELEASE/spring-boot-test-1.5.9.RELEASE.jar:/Users/zhaoxuefeng/.m2/repository/org/springframework/boot/spring-boot-test-autoconfigure/1.5.9.RELEASE/spring-boot-test-autoconfigure-1.5.9.RELEASE.jar:/Users/zhaoxuefeng/.m2/repository/com/jayway/jsonpath/json-path/2.2.0/json-path-2.2.0.jar:/Users/zhaoxuefeng/.m2/repository/net/minidev/json-smart/2.2.1/json-smart-2.2.1.jar:/Users/zhaoxuefeng/.m2/repository/net/minidev/accessors-smart/1.1/accessors-smart-1.1.jar:/Users/zhaoxuefeng/.m2/repository/org/ow2/asm/asm/5.0.3/asm-5.0.3.jar:/Users/zhaoxuefeng/.m2/repository/org/slf4j/slf4j-api/1.7.25/slf4j-api-1.7.25.jar:/Users/zhaoxuefeng/.m2/repository/org/assertj/assertj-core/2.6.0/assertj-core-2.6.0.jar:/Users/zhaoxuefeng/.m2/repository/org/mockito/mockito-core/1.10.19/mockito-core-1.10.19.jar:/Users/zhaoxuefeng/.m2/repository/org/objenesis/objenesis/2.1/objenesis-2.1.jar:/Users/zhaoxuefeng/.m2/repository/org/hamcrest/hamcrest-core/1.3/hamcrest-core-1.3.jar:/Users/zhaoxuefeng/.m2/repository/org/hamcrest/hamcrest-library/1.3/hamcrest-library-1.3.jar:/Users/zhaoxuefeng/.m2/repository/org/skyscreamer/jsonassert/1.4.0/jsonassert-1.4.0.jar:/Users/zhaoxuefeng/.m2/repository/org/springframework/boot/spring-boot-starter-thymeleaf/1.5.9.RELEASE/spring-boot-starter-thymeleaf-1.5.9.RELEASE.jar:/Users/zhaoxuefeng/.m2/repository/org/thymeleaf/thymeleaf-spring4/2.1.6.RELEASE/thymeleaf-spring4-2.1.6.RELEASE.jar:/Users/zhaoxuefeng/.m2/repository/org/thymeleaf/thymeleaf/2.1.6.RELEASE/thymeleaf-2.1.6.RELEASE.jar:/Users/zhaoxuefeng/.m2/repository/ognl/ognl/3.0.8/ognl-3.0.8.jar:/Users/zhaoxuefeng/.m2/repository/org/javassist/javassist/3.21.0-GA/javassist-3.21.0-GA.jar:/Users/zhaoxuefeng/.m2/repository/org/unbescape/unbescape/1.1.0.RELEASE/unbescape-1.1.0.RELEASE.jar:/Users/zhaoxuefeng/.m2/repository/nz/net/ultraq/thymeleaf/thymeleaf-layout-dialect/1.4.0/thymeleaf-layout-dialect-1.4.0.jar:/Users/zhaoxuefeng/.m2/repository/org/codehaus/groovy/groovy/2.4.13/groovy-2.4.13.jar:/Users/zhaoxuefeng/.m2/repository/org/springframework/spring-test/4.3.13.RELEASE/spring-test-4.3.13.RELEASE.jar:/Users/zhaoxuefeng/.m2/repository/org/springframework/boot/spring-boot-configuration-processor/1.5.9.RELEASE/spring-boot-configuration-processor-1.5.9.RELEASE.jar:/Users/zhaoxuefeng/.m2/repository/com/vaadin/external/google/android-json/0.0.20131108.vaadin1/android-json-0.0.20131108.vaadin1.jar:/Users/zhaoxuefeng/.m2/repository/junit/junit/4.12/junit-4.12.jar:/Users/zhaoxuefeng/.m2/repository/mysql/mysql-connector-java/5.1.44/mysql-connector-java-5.1.44.jar:/Users/zhaoxuefeng/.m2/repository/com/github/pagehelper/pagehelper-spring-boot-starter/1.1.2/pagehelper-spring-boot-starter-1.1.2.jar:/Users/zhaoxuefeng/.m2/repository/com/github/pagehelper/pagehelper-spring-boot-autoconfigure/1.1.2/pagehelper-spring-boot-autoconfigure-1.1.2.jar:/Users/zhaoxuefeng/.m2/repository/com/github/pagehelper/pagehelper/5.0.3/pagehelper-5.0.3.jar:/Users/zhaoxuefeng/.m2/repository/com/github/jsqlparser/jsqlparser/1.0/jsqlparser-1.0.jar:/Users/zhaoxuefeng/.m2/repository/org/mybatis/spring/boot/mybatis-spring-boot-starter/1.3.2/mybatis-spring-boot-starter-1.3.2.jar:/Users/zhaoxuefeng/.m2/repository/org/mybatis/spring/boot/mybatis-spring-boot-autoconfigure/1.3.2/mybatis-spring-boot-autoconfigure-1.3.2.jar:/Users/zhaoxuefeng/.m2/repository/org/mybatis/mybatis-spring/1.3.2/mybatis-spring-1.3.2.jar:/Users/zhaoxuefeng/.m2/repository/org/mybatis/mybatis/3.4.6/mybatis-3.4.6.jar:/Users/zhaoxuefeng/.m2/repository/commons-dbcp/commons-dbcp/1.4/commons-dbcp-1.4.jar:/Users/zhaoxuefeng/.m2/repository/commons-pool/commons-pool/1.6/commons-pool-1.6.jar:/Users/zhaoxuefeng/.m2/repository/org/springframework/spring-tx/4.3.13.RELEASE/spring-tx-4.3.13.RELEASE.jar:/Users/zhaoxuefeng/.m2/repository/org/springframework/spring-beans/4.3.13.RELEASE/spring-beans-4.3.13.RELEASE.jar:/Users/zhaoxuefeng/.m2/repository/org/springframework/spring-aspects/4.3.13.RELEASE/spring-aspects-4.3.13.RELEASE.jar:/Users/zhaoxuefeng/.m2/repository/org/aspectj/aspectjweaver/1.8.13/aspectjweaver-1.8.13.jar:/Users/zhaoxuefeng/.m2/repository/org/springframework/boot/spring-boot-starter-data-redis/1.5.9.RELEASE/spring-boot-starter-data-redis-1.5.9.RELEASE.jar:/Users/zhaoxuefeng/.m2/repository/org/springframework/data/spring-data-redis/1.8.9.RELEASE/spring-data-redis-1.8.9.RELEASE.jar:/Users/zhaoxuefeng/.m2/repository/org/springframework/data/spring-data-keyvalue/1.2.9.RELEASE/spring-data-keyvalue-1.2.9.RELEASE.jar:/Users/zhaoxuefeng/.m2/repository/org/springframework/data/spring-data-commons/1.13.9.RELEASE/spring-data-commons-1.13.9.RELEASE.jar:/Users/zhaoxuefeng/.m2/repository/org/springframework/spring-oxm/4.3.13.RELEASE/spring-oxm-4.3.13.RELEASE.jar:/Users/zhaoxuefeng/.m2/repository/redis/clients/jedis/2.9.0/jedis-2.9.0.jar:/Users/zhaoxuefeng/.m2/repository/org/springframework/boot/spring-boot-starter-cache/1.5.9.RELEASE/spring-boot-starter-cache-1.5.9.RELEASE.jar:/Users/zhaoxuefeng/.m2/repository/org/springframework/spring-context/4.3.13.RELEASE/spring-context-4.3.13.RELEASE.jar:/Users/zhaoxuefeng/.m2/repository/org/springframework/spring-context-support/4.3.13.RELEASE/spring-context-support-4.3.13.RELEASE.jar:/Users/zhaoxuefeng/.m2/repository/org/springframework/session/spring-session-data-redis/1.3.1.RELEASE/spring-session-data-redis-1.3.1.RELEASE.jar:/Users/zhaoxuefeng/.m2/repository/org/apache/commons/commons-pool2/2.4.3/commons-pool2-2.4.3.jar:/Users/zhaoxuefeng/.m2/repository/org/springframework/session/spring-session/1.3.1.RELEASE/spring-session-1.3.1.RELEASE.jar:/Users/zhaoxuefeng/.m2/repository/com/alibaba/druid/1.1.9/druid-1.1.9.jar:, java.specification.name=Java Platform API Specification, java.class.version=52.0, sun.management.compiler=HotSpot 64-Bit Tiered Compilers, os.version=10.13.5, user.home=/Users/zhaoxuefeng, user.timezone=Asia/Shanghai, java.awt.printerjob=sun.lwawt.macosx.CPrinterJob, file.encoding=UTF-8, java.specification.version=1.8, java.class.path=/Users/zhaoxuefeng/workspace-eclipse/zhaoxf/target/test-classes:/Users/zhaoxuefeng/workspace-eclipse/zhaoxf/target/classes:/Users/zhaoxuefeng/.m2/repository/org/springframework/boot/spring-boot-starter/1.5.9.RELEASE/spring-boot-starter-1.5.9.RELEASE.jar:/Users/zhaoxuefeng/.m2/repository/org/springframework/boot/spring-boot/1.5.9.RELEASE/spring-boot-1.5.9.RELEASE.jar:/Users/zhaoxuefeng/.m2/repository/org/springframework/boot/spring-boot-autoconfigure/1.5.9.RELEASE/spring-boot-autoconfigure-1.5.9.RELEASE.jar:/Users/zhaoxuefeng/.m2/repository/org/springframework/boot/spring-boot-starter-logging/1.5.9.RELEASE/spring-boot-starter-logging-1.5.9.RELEASE.jar:/Users/zhaoxuefeng/.m2/repository/ch/qos/logback/logback-classic/1.1.11/logback-classic-1.1.11.jar:/Users/zhaoxuefeng/.m2/repository/ch/qos/logback/logback-core/1.1.11/logback-core-1.1.11.jar:/Users/zhaoxuefeng/.m2/repository/org/slf4j/jcl-over-slf4j/1.7.25/jcl-over-slf4j-1.7.25.jar:/Users/zhaoxuefeng/.m2/repository/org/slf4j/jul-to-slf4j/1.7.25/jul-to-slf4j-1.7.25.jar:/Users/zhaoxuefeng/.m2/repository/org/slf4j/log4j-over-slf4j/1.7.25/log4j-over-slf4j-1.7.25.jar:/Users/zhaoxuefeng/.m2/repository/org/springframework/spring-core/4.3.13.RELEASE/spring-core-4.3.13.RELEASE.jar:/Users/zhaoxuefeng/.m2/repository/org/yaml/snakeyaml/1.17/snakeyaml-1.17.jar:/Users/zhaoxuefeng/.m2/repository/org/springframework/boot/spring-boot-starter-web/1.5.9.RELEASE/spring-boot-starter-web-1.5.9.RELEASE.jar:/Users/zhaoxuefeng/.m2/repository/org/springframework/boot/spring-boot-starter-tomcat/1.5.9.RELEASE/spring-boot-starter-tomcat-1.5.9.RELEASE.jar:/Users/zhaoxuefeng/.m2/repository/org/apache/tomcat/embed/tomcat-embed-core/8.5.23/tomcat-embed-core-8.5.23.jar:/Users/zhaoxuefeng/.m2/repository/org/apache/tomcat/tomcat-annotations-api/8.5.23/tomcat-annotations-api-8.5.23.jar:/Users/zhaoxuefeng/.m2/repository/org/apache/tomcat/embed/tomcat-embed-el/8.5.23/tomcat-embed-el-8.5.23.jar:/Users/zhaoxuefeng/.m2/repository/org/apache/tomcat/embed/tomcat-embed-websocket/8.5.23/tomcat-embed-websocket-8.5.23.jar:/Users/zhaoxuefeng/.m2/repository/org/hibernate/hibernate-validator/5.3.6.Final/hibernate-validator-5.3.6.Final.jar:/Users/zhaoxuefeng/.m2/repository/javax/validation/validation-api/1.1.0.Final/validation-api-1.1.0.Final.jar:/Users/zhaoxuefeng/.m2/repository/org/jboss/logging/jboss-logging/3.3.1.Final/jboss-logging-3.3.1.Final.jar:/Users/zhaoxuefeng/.m2/repository/com/fasterxml/classmate/1.3.4/classmate-1.3.4.jar:/Users/zhaoxuefeng/.m2/repository/com/fasterxml/jac
[...]
3.21.0-GA/javassist-3.21.0-GA.jar:/Users/zhaoxuefeng/.m2/repository/org/unbescape/unbescape/1.1.0.RELEASE/unbescape-1.1.0.RELEASE.jar:/Users/zhaoxuefeng/.m2/repository/nz/net/ultraq/thymeleaf/thymeleaf-layout-dialect/1.4.0/thymeleaf-layout-dialect-1.4.0.jar:/Users/zhaoxuefeng/.m2/repository/org/codehaus/groovy/groovy/2.4.13/groovy-2.4.13.jar:/Users/zhaoxuefeng/.m2/repository/org/springframework/spring-test/4.3.13.RELEASE/spring-test-4.3.13.RELEASE.jar:/Users/zhaoxuefeng/.m2/repository/org/springframework/boot/spring-boot-configuration-processor/1.5.9.RELEASE/spring-boot-configuration-processor-1.5.9.RELEASE.jar:/Users/zhaoxuefeng/.m2/repository/com/vaadin/external/google/android-json/0.0.20131108.vaadin1/android-json-0.0.20131108.vaadin1.jar:/Users/zhaoxuefeng/.m2/repository/junit/junit/4.12/junit-4.12.jar:/Users/zhaoxuefeng/.m2/repository/mysql/mysql-connector-java/5.1.44/mysql-connector-java-5.1.44.jar:/Users/zhaoxuefeng/.m2/repository/com/github/pagehelper/pagehelper-spring-boot-starter/1.1.2/pagehelper-spring-boot-starter-1.1.2.jar:/Users/zhaoxuefeng/.m2/repository/com/github/pagehelper/pagehelper-spring-boot-autoconfigure/1.1.2/pagehelper-spring-boot-autoconfigure-1.1.2.jar:/Users/zhaoxuefeng/.m2/repository/com/github/pagehelper/pagehelper/5.0.3/pagehelper-5.0.3.jar:/Users/zhaoxuefeng/.m2/repository/com/github/jsqlparser/jsqlparser/1.0/jsqlparser-1.0.jar:/Users/zhaoxuefeng/.m2/repository/org/mybatis/spring/boot/mybatis-spring-boot-starter/1.3.2/mybatis-spring-boot-starter-1.3.2.jar:/Users/zhaoxuefeng/.m2/repository/org/mybatis/spring/boot/mybatis-spring-boot-autoconfigure/1.3.2/mybatis-spring-boot-autoconfigure-1.3.2.jar:/Users/zhaoxuefeng/.m2/repository/org/mybatis/mybatis-spring/1.3.2/mybatis-spring-1.3.2.jar:/Users/zhaoxuefeng/.m2/repository/org/mybatis/mybatis/3.4.6/mybatis-3.4.6.jar:/Users/zhaoxuefeng/.m2/repository/commons-dbcp/commons-dbcp/1.4/commons-dbcp-1.4.jar:/Users/zhaoxuefeng/.m2/repository/commons-pool/commons-pool/1.6/commons-pool-1.6.jar:/Users/zhaoxuefeng/.m2/repository/org/springframework/spring-tx/4.3.13.RELEASE/spring-tx-4.3.13.RELEASE.jar:/Users/zhaoxuefeng/.m2/repository/org/springframework/spring-beans/4.3.13.RELEASE/spring-beans-4.3.13.RELEASE.jar:/Users/zhaoxuefeng/.m2/repository/org/springframework/spring-aspects/4.3.13.RELEASE/spring-aspects-4.3.13.RELEASE.jar:/Users/zhaoxuefeng/.m2/repository/org/aspectj/aspectjweaver/1.8.13/aspectjweaver-1.8.13.jar:/Users/zhaoxuefeng/.m2/repository/org/springframework/boot/spring-boot-starter-data-redis/1.5.9.RELEASE/spring-boot-starter-data-redis-1.5.9.RELEASE.jar:/Users/zhaoxuefeng/.m2/repository/org/springframework/data/spring-data-redis/1.8.9.RELEASE/spring-data-redis-1.8.9.RELEASE.jar:/Users/zhaoxuefeng/.m2/repository/org/springframework/data/spring-data-keyvalue/1.2.9.RELEASE/spring-data-keyvalue-1.2.9.RELEASE.jar:/Users/zhaoxuefeng/.m2/repository/org/springframework/data/spring-data-commons/1.13.9.RELEASE/spring-data-commons-1.13.9.RELEASE.jar:/Users/zhaoxuefeng/.m2/repository/org/springframework/spring-oxm/4.3.13.RELEASE/spring-oxm-4.3.13.RELEASE.jar:/Users/zhaoxuefeng/.m2/repository/redis/clients/jedis/2.9.0/jedis-2.9.0.jar:/Users/zhaoxuefeng/.m2/repository/org/springframework/boot/spring-boot-starter-cache/1.5.9.RELEASE/spring-boot-starter-cache-1.5.9.RELEASE.jar:/Users/zhaoxuefeng/.m2/repository/org/springframework/spring-context/4.3.13.RELEASE/spring-context-4.3.13.RELEASE.jar:/Users/zhaoxuefeng/.m2/repository/org/springframework/spring-context-support/4.3.13.RELEASE/spring-context-support-4.3.13.RELEASE.jar:/Users/zhaoxuefeng/.m2/repository/org/springframework/session/spring-session-data-redis/1.3.1.RELEASE/spring-session-data-redis-1.3.1.RELEASE.jar:/Users/zhaoxuefeng/.m2/repository/org/apache/commons/commons-pool2/2.4.3/commons-pool2-2.4.3.jar:/Users/zhaoxuefeng/.m2/repository/org/springframework/session/spring-session/1.3.1.RELEASE/spring-session-1.3.1.RELEASE.jar:/Users/zhaoxuefeng/.m2/repository/com/alibaba/druid/1.1.9/druid-1.1.9.jar:, java.specification.name=Java Platform API Specification, java.class.version=52.0, sun.management.compiler=HotSpot 64-Bit Tiered Compilers, os.version=10.13.5, user.home=/Users/zhaoxuefeng, user.timezone=Asia/Shanghai, java.awt.printerjob=sun.lwawt.macosx.CPrinterJob, file.encoding=UTF-8, java.specification.version=1.8, java.class.path=/Users/zhaoxuefeng/workspace-eclipse/zhaoxf/target/test-classes:/Users/zhaoxuefeng/workspace-eclipse/zhaoxf/target/classes:/Users/zhaoxuefeng/.m2/repository/org/springframework/boot/spring-boot-starter/1.5.9.RELEASE/spring-boot-starter-1.5.9.RELEASE.jar:/Users/zhaoxuefeng/.m2/repository/org/springframework/boot/spring-boot/1.5.9.RELEASE/spring-boot-1.5.9.RELEASE.jar:/Users/zhaoxuefeng/.m2/repository/org/springframework/boot/spring-boot-autoconfigure/1.5.9.RELEASE/spring-boot-autoconfigure-1.5.9.RELEASE.jar:/Users/zhaoxuefeng/.m2/repository/org/springframework/boot/spring-boot-starter-logging/1.5.9.RELEASE/spring-boot-starter-logging-1.5.9.RELEASE.jar:/Users/zhaoxuefeng/.m2/repository/ch/qos/logback/logback-classic/1.1.11/logback-classic-1.1.11.jar:/Users/zhaoxuefeng/.m2/repository/ch/qos/logback/logback-core/1.1.11/logback-core-1.1.11.jar:/Users/zhaoxuefeng/.m2/repository/org/slf4j/jcl-over-slf4j/1.7.25/jcl-over-slf4j-1.7.25.jar:/Users/zhaoxuefeng/.m2/repository/org/slf4j/jul-to-slf4j/1.7.25/jul-to-slf4j-1.7.25.jar:/Users/zhaoxuefeng/.m2/repository/org/slf4j/log4j-over-slf4j/1.7.25/log4j-over-slf4j-1.7.25.jar:/Users/zhaoxuefeng/.m2/repository/org/springframework/spring-core/4.3.13.RELEASE/spring-core-4.3.13.RELEASE.jar:/Users/zhaoxuefeng/.m2/repository/org/yaml/snakeyaml/1.17/snakeyaml-1.17.jar:/Users/zhaoxuefeng/.m2/repository/org/springframework/boot/spring-boot-starter-web/1.5.9.RELEASE/spring-boot-starter-web-1.5.9.RELEASE.jar:/Users/zhaoxuefeng/.m2/repository/org/springframework/boot/spring-boot-starter-tomcat/1.5.9.RELEASE/spring-boot-starter-tomcat-1.5.9.RELEASE.jar:/Users/zhaoxuefeng/.m2/repository/org/apache/tomcat/embed/tomcat-embed-core/8.5.23/tomcat-embed-core-8.5.23.jar:/Users/zhaoxuefeng/.m2/repository/org/apache/tomcat/tomcat-annotations-api/8.5.23/tomcat-annotations-api-8.5.23.jar:/Users/zhaoxuefeng/.m2/repository/org/apache/tomcat/embed/tomcat-embed-el/8.5.23/tomcat-embed-el-8.5.23.jar:/Users/zhaoxuefeng/.m2/repository/org/apache/tomcat/embed/tomcat-embed-websocket/8.5.23/tomcat-embed-websocket-8.5.23.jar:/Users/zhaoxuefeng/.m2/repository/org/hibernate/hibernate-validator/5.3.6.Final/hibernate-validator-5.3.6.Final.jar:/Users/zhaoxuefeng/.m2/repository/javax/validation/validation-api/1.1.0.Final/validation-api-1.1.0.Final.jar:/Users/zhaoxuefeng/.m2/repository/org/jboss/logging/jboss-logging/3.3.1.Final/jboss-logging-3.3.1.Final.jar:/Users/zhaoxuefeng/.m2/repository/com/fasterxml/classmate/1.3.4/classmate-1.3.4.jar:/Users/zhaoxuefeng/.m2/repository/com/fasterxml/jackson/core/jackson-databind/2.8.10/jackson-databind-2.8.10.jar:/Users/zhaoxuefeng/.m2/repository/com/fasterxml/jackson/core/jackson-annotations/2.8.0/jackson-annotations-2.8.0.jar:/Users/zhaoxuefeng/.m2/repository/com/fasterxml/jackson/core/jackson-core/2.8.10/jackson-core-2.8.10.jar:/Users/zhaoxuefeng/.m2/repository/org/springframework/spring-web/4.3.13.RELEASE/spring-web-4.3.13.RELEASE.jar:/Users/zhaoxuefeng/.m2/repository/org/springframework/spring-aop/4.3.13.RELEASE/spring-aop-4.3.13.RELEASE.jar:/Users/zhaoxuefeng/.m2/repository/org/springframework/spring-webmvc/4.3.13.RELEASE/spring-webmvc-4.3.13.RELEASE.jar:/Users/zhaoxuefeng/.m2/repository/org/springframework/spring-expression/4.3.13.RELEASE/spring-expression-4.3.13.RELEASE.jar:/Users/zhaoxuefeng/.m2/repository/org/springframework/boot/spring-boot-starter-jdbc/1.5.9.RELEASE/spring-boot-starter-jdbc-1.5.9.RELEASE.jar:/Users/zhaoxuefeng/.m2/repository/org/apache/tomcat/tomcat-jdbc/8.5.23/tomcat-jdbc-8.5.23.jar:/Users/zhaoxuefeng/.m2/repository/org/apache/tomcat/tomcat-juli/8.5.23/tomcat-juli-8.5.23.jar:/Users/zhaoxuefeng/.m2/repository/org/springframework/spring-jdbc/4.3.13.RELEASE/spring-jdbc-4.3.13.RELEASE.jar:/Users/zhaoxuefeng/.m2/repository/org/springframework/boot/spring-boot-starter-test/1.5.9.RELEASE/spring-boot-starter-test-1.5.9.RELEASE.jar:/Users/zhaoxuefeng/.m2/repository/org/springframework/boot/spring-boot-test/1.5.9.RELEASE/spring-boot-test-1.5.9.RELEASE.jar:/Users/zhaoxuefeng/.m2/repository/org/springframework/boot/spring-boot-test-autoconfigure/1.5.9.RELEASE/spring-boot-test-autoconfigure-1.5.9.RELEASE.jar:/Users/zhaoxuefeng/.m2/repository/com/jayway/jsonpath/json-path/2.2.0/json-path-2.2.0.jar:/Users/zhaoxuefeng/.m2/repository/net/minidev/json-smart/2.2.1/json-smart-2.2.1.jar:/Users/zhaoxuefeng/.m2/repository/net/minidev/accessors-smart/1.1/accessors-smart-1.1.jar:/Users/zhaoxuefeng/.m2/repository/org/ow2/asm/asm/5.0.3/asm-5.0.3.jar:/Users/zhaoxuefeng/.m2/repository/org/slf4j/slf4j-api/1.7.25/slf4j-api-1.7.25.jar:/Users/zhaoxuefeng/.m2/repository/org/assertj/assertj-core/2.6.0/assertj-core-2.6.0.jar:/Users/zhaoxuefeng/.m2/repository/org/mockito/mockito-core/1.10.19/mockito-core-1.10.19.jar:/Users/zhaoxuefeng/.m2/repository/org/objenesis/objenesis/2.1/objenesis-2.1.jar:/Users/zhaoxuefeng/.m2/repository/org/hamcrest/hamcrest-core/1.3/hamcrest-core-1.3.jar:/Users/zhaoxuefeng/.m2/repository/org/hamcrest/hamcrest-library/1.3/hamcrest-library-1.3.jar:/Users/zhaoxuefeng/.m2/repository/org/skyscreamer/jsonassert/1.4.0/jsonassert-1.4.0.jar:/Users/zhaoxuefeng/.m2/repository/org/springframework/boot/spring-boot-starter-thymeleaf/1.5.9.RELEASE/spring-boot-starter-thymeleaf-1.5.9.RELEASE.jar:/Users/zhaoxuefeng/.m2/repository/org/thymeleaf/thymeleaf-spring4/2.1.6.RELEASE/thymeleaf-spring4-2.1.6.RELEASE.jar:/Users/zhaoxuefeng/.m2/repository/org/thymeleaf/thymeleaf/2.1.6.RELEASE/thymeleaf-2.1.6.RELEASE.jar:/Users/zhaoxuefeng/.m2/repository/ognl/ognl/3.0.8/ognl-3.0.8.jar:/Users/zhaoxuefeng/.m2/repository/org/javassist/javassist/3.21.0-GA/javassist-3.21.0-GA.jar:/Users/zhaoxuefeng/.m2/repository/org/unbescape/unbescape/1.1.0.RELEASE/unbescape-1.1.0.RELEASE.jar:/Users/zhaoxuefeng/.m2/repository/nz/net/ultraq/thymeleaf/thymeleaf-layout-dialect/1.4.0/thymeleaf-layout-dialect-1.4.0.jar:/Users/zhaoxuefeng/.m2/repository/org/codehaus/groovy/groovy/2.4.13/groovy-2.4.13.jar:/Users/zhaoxuefeng/.m2/repository/org/springframework/spring-test/4.3.13.RELEASE/spring-test-4.3.13.RELEASE.jar:/Users/zhaoxuefeng/.m2/repository/org/springframework/boot/spring-boot-configuration-processor/1.5.9.RELEASE/spring-boot-configuration-processor-1.5.9.RELEASE.jar:/Users/zhaoxuefeng/.m2/repository/com/vaadin/external/google/android-json/0.0.20131108.vaadin1/android-json-0.0.20131108.vaadin1.jar:/Users/zhaoxuefeng/.m2/repository/junit/junit/4.12/junit-4.12.jar:/Users/zhaoxuefeng/.m2/repository/mysql/mysql-connector-java/5.1.44/mysql-connector-java-5.1.44.jar:/Users/zhaoxuefeng/.m2/repository/com/github/pagehelper/pagehelper-spring-boot-starter/1.1.2/pagehelper-spring-boot-starter-1.1.2.jar:/Users/zhaoxuefeng/.m2/repository/com/github/pagehelper/pagehelper-spring-boot-autoconfigure/1.1.2/pagehelper-spring-boot-autoconfigure-1.1.2.jar:/Users/zhaoxuefeng/.m2/repository/com/github/pagehelper/pagehelper/5.0.3/pagehelper-5.0.3.jar:/Users/zhaoxuefeng/.m2/repository/com/github/jsqlparser/jsqlparser/1.0/jsqlparser-1.0.jar:/Users/zhaoxuefeng/.m2/repository/org/mybatis/spring/boot/mybatis-spring-boot-starter/1.3.2/mybatis-spring-boot-starter-1.3.2.jar:/Users/zhaoxuefeng/.m2/repository/org/mybatis/spring/boot/mybatis-spring-boot-autoconfigure/1.3.2/mybatis-spring-boot-autoconfigure-1.3.2.jar:/Users/zhaoxuefeng/.m2/repository/org/mybatis/mybatis-spring/1.3.2/mybatis-spring-1.3.2.jar:/Users/zhaoxuefeng/.m2/repository/org/mybatis/mybatis/3.4.6/mybatis-3.4.6.jar:/Users/zhaoxuefeng/.m2/repository/commons-dbcp/commons-dbcp/1.4/commons-dbcp-1.4.jar:/Users/zhaoxuefeng/.m2/repository/commons-pool/commons-pool/1.6/commons-pool-1.6.jar:/Users/zhaoxuefeng/.m2/repository/org/springframework/spring-tx/4.3.13.RELEASE/spring-tx-4.3.13.RELEASE.jar:/Users/zhaoxuefeng/.m2/repository/org/springframework/spring-beans/4.3.13.RELEASE/spring-beans-4.3.13.RELEASE.jar:/Users/zhaoxuefeng/.m2/repository/org/springframework/spring-aspects/4.3.13.RELEASE/spring-aspects-4.3.13.RELEASE.jar:/Users/zhaoxuefeng/.m2/repository/org/aspectj/aspectjweaver/1.8.13/aspectjweaver-1.8.13.jar:/Users/zhaoxuefeng/.m2/repository/org/springframework/boot/spring-boot-starter-data-redis/1.5.9.RELEASE/spring-boot-starter-data-redis-1.5.9.RELEASE.jar:/Users/zhaoxuefeng/.m2/repository/org/springframework/data/spring-data-redis/1.8.9.RELEASE/spring-data-redis-1.8.9.RELEASE.jar:/Users/zhaoxuefeng/.m2/repository/org/springframework/data/spring-data-keyvalue/1.2.9.RELEASE/spring-data-keyvalue-1.2.9.RELEASE.jar:/Users/zhaoxuefeng/.m2/repository/org/springframework/data/spring-data-commons/1.13.9.RELEASE/spring-data-commons-1.13.9.RELEASE.jar:/Users/zhaoxuefeng/.m2/repository/org/springframework/spring-oxm/4.3.13.RELEASE/spring-oxm-4.3.13.RELEASE.jar:/Users/zhaoxuefeng/.m2/repository/redis/clients/jedis/2.9.0/jedis-2.9.0.jar:/Users/zhaoxuefeng/.m2/repository/org/springframework/boot/spring-boot-starter-cache/1.5.9.RELEASE/spring-boot-starter-cache-1.5.9.RELEASE.jar:/Users/zhaoxuefeng/.m2/repository/org/springframework/spring-context/4.3.13.RELEASE/spring-context-4.3.13.RELEASE.jar:/Users/zhaoxuefeng/.m2/repository/org/springframework/spring-context-support/4.3.13.RELEASE/spring-context-support-4.3.13.RELEASE.jar:/Users/zhaoxuefeng/.m2/repository/org/springframework/session/spring-session-data-redis/1.3.1.RELEASE/spring-session-data-redis-1.3.1.RELEASE.jar:/Users/zhaoxuefeng/.m2/repository/org/apache/commons/commons-pool2/2.4.3/commons-pool2-2.4.3.jar:/Users/zhaoxuefeng/.m2/repository/org/springframework/session/spring-session/1.3.1.RELEASE/spring-session-1.3.1.RELEASE.jar:/Users/zhaoxuefeng/.m2/repository/com/alibaba/druid/1.1.9/druid-1.1.9.jar:, user.name=zhaoxuefeng, java.vm.specification.version=1.8, sun.java.command=/Users/zhaoxuefeng/workspace-eclipse/zhaoxf/target/surefire/surefirebooter2920431022213573765.jar /Users/zhaoxuefeng/workspace-eclipse/zhaoxf/target/surefire/surefire5867384948282405393tmp /Users/zhaoxuefeng/workspace-eclipse/zhaoxf/target/surefire/surefire_03394509475860516695tmp, java.home=/Library/Java/JavaVirtualMachines/jdk1.8.0_161.jdk/Contents/Home/jre, sun.arch.data.model=64, user.language=zh, java.specification.vendor=Oracle Corporation, awt.toolkit=sun.lwawt.macosx.LWCToolkit, java.vm.info=mixed mode, java.version=1.8.0_161, java.ext.dirs=/Users/zhaoxuefeng/Library/Java/Extensions:/Library/Java/JavaVirtualMachines/jdk1.8.0_161.jdk/Contents/Home/jre/lib/ext:/Library/Java/Extensions:/Network/Library/Java/Extensions:/System/Library/Java/Extensions:/usr/lib/java, sun.boot.class.path=/Library/Java/JavaVirtualMachines/jdk1.8.0_161.jdk/Contents/Home/jre/lib/resources.jar:/Library/Java/JavaVirtualMachines/jdk1.8.0_161.jdk/Contents/Home/jre/lib/rt.jar:/Library/Java/JavaVirtualMachines/jdk1.8.0_161.jdk/Contents/Home/jre/lib/sunrsasign.jar:/Library/Java/JavaVirtualMachines/jdk1.8.0_161.jdk/Contents/Home/jre/lib/jsse.jar:/Library/Java/JavaVirtualMachines/jdk1.8.0_161.jdk/Contents/Home/jre/lib/jce.jar:/Library/Java/JavaVirtualMachines/jdk1.8.0_161.jdk/Contents/Home/jre/lib/charsets.jar:/Library/Java/JavaVirtualMachines/jdk1.8.0_161.jdk/Contents/Home/jre/lib/jfr.jar:/Library/Java/JavaVirtualMachines/jdk1.8.0_161.jdk/Contents/Home/jre/classes, java.vendor=Oracle Corporation, localRepository=/Users/zhaoxuefeng/.m2/repository, file.separator=/, java.vendor.url.bug=http://bugreport.sun.com/bugreport/, sun.io.unicode.encoding=UnicodeBig, sun.cpu.endian=little, sun.cpu.isalist=}}, SystemEnvironmentPropertySource@79290965 {name='systemEnvironment', properties={PATH=/usr/bin:/bin:/usr/sbin:/sbin, SHELL=/bin/bash, JAVA_MAIN_CLASS_1681=org.codehaus.plexus.classworlds.launcher.Launcher, OLDPWD=/Users/zhaoxuefeng/workspace-eclipse/zhaoxf, USER=zhaoxuefeng, TMPDIR=/var/folders/4_/kjr85bsx1xxf7wcxyt4w800c0000gn/T/, SSH_AUTH_SOCK=/private/tmp/com.apple.launchd.7tzt9kxjpS/Listeners, XPC_FLAGS=0x0, JAVA_STARTED_ON_FIRST_THREAD_1339=1, __CF_USER_TEXT_ENCODING=0x1F5:0x19:0x34, JAVA_MAIN_CLASS_1683=org.apache.maven.surefire.booter.ForkedBooter, Apple_PubSub_Socket_Render=/private/tmp/com.apple.launchd.Y6WNExJCgP/Render, LOGNAME=zhaoxuefeng, APP_ICON_1339=../Resources/Eclipse.icns, XPC_SERVICE_NAME=0, PWD=/Users/zhaoxuefeng/workspace-eclipse/zhaoxf, HOME=/Users/zhaoxuefeng, SHLVL=1, _=/Library/Java/JavaVirtualMachines/jdk1.8.0_161.jdk/Contents/Home/jre/bin/java}}]
10:43:39.538 [main] DEBUG org.springframework.core.io.support.PathMatchingResourcePatternResolver - Resolved classpath location [spring/boot/demo/] to resources [URL [file:/Users/zhaoxuefeng/workspace-eclipse/zhaoxf/target/test-classes/spring/boot/demo/]]
10:43:39.539 [main] DEBUG org.springframework.core.io.support.PathMatchingResourcePatternResolver - Looking for matching resources in directory tree [/Users/zhaoxuefeng/workspace-eclipse/zhaoxf/target/test-classes/spring/boot/demo]
10:43:39.540 [main] DEBUG org.springframework.core.io.support.PathMatchingResourcePatternResolver - Searching directory [/Users/zhaoxuefeng/workspace-eclipse/zhaoxf/target/test-classes/spring/boot/demo] for files matching pattern [/Users/zhaoxuefeng/workspace-eclipse/zhaoxf/target/test-classes/spring/boot/demo/*.class]
10:43:39.541 [main] DEBUG org.springframework.core.io.support.PathMatchingResourcePatternResolver - Resolved location pattern [classpath*:spring/boot/demo/*.class] to resources [file [/Users/zhaoxuefeng/workspace-eclipse/zhaoxf/target/test-classes/spring/boot/demo/DemoTest.class], file [/Users/zhaoxuefeng/workspace-eclipse/zhaoxf/target/test-classes/spring/boot/demo/GetProperties.class], file [/Users/zhaoxuefeng/workspace-eclipse/zhaoxf/target/test-classes/spring/boot/demo/Hosting.class], file [/Users/zhaoxuefeng/workspace-eclipse/zhaoxf/target/test-classes/spring/boot/demo/MybatisTest.class], file [/Users/zhaoxuefeng/workspace-eclipse/zhaoxf/target/test-classes/spring/boot/demo/RedisTest.class]]
10:43:39.545 [main] DEBUG org.springframework.core.io.support.PathMatchingResourcePatternResolver - Resolved classpath location [spring/boot/] to resources [URL [file:/Users/zhaoxuefeng/workspace-eclipse/zhaoxf/target/test-classes/spring/boot/]]
10:43:39.545 [main] DEBUG org.springframework.core.io.support.PathMatchingResourcePatternResolver - Looking for matching resources in directory tree [/Users/zhaoxuefeng/workspace-eclipse/zhaoxf/target/test-classes/spring/boot]
10:43:39.545 [main] DEBUG org.springframework.core.io.support.PathMatchingResourcePatternResolver - Searching directory [/Users/zhaoxuefeng/workspace-eclipse/zhaoxf/target/test-classes/spring/boot] for files matching pattern [/Users/zhaoxuefeng/workspace-eclipse/zhaoxf/target/test-classes/spring/boot/*.class]
10:43:39.546 [main] DEBUG org.springframework.core.io.support.PathMatchingResourcePatternResolver - Resolved location pattern [classpath*:spring/boot/*.class] to resources []
10:43:39.549 [main] DEBUG org.springframework.core.io.support.PathMatchingResourcePatternResolver - Resolved classpath location [spring/] to resources [URL [file:/Users/zhaoxuefeng/workspace-eclipse/zhaoxf/target/test-classes/spring/]]
10:43:39.550 [main] DEBUG org.springframework.core.io.support.PathMatchingResourcePatternResolver - Looking for matching resources in directory tree [/Users/zhaoxuefeng/workspace-eclipse/zhaoxf/target/test-classes/spring]
10:43:39.550 [main] DEBUG org.springframework.core.io.support.PathMatchingResourcePatternResolver - Searching directory [/Users/zhaoxuefeng/workspace-eclipse/zhaoxf/target/test-classes/spring] for files matching pattern [/Users/zhaoxuefeng/workspace-eclipse/zhaoxf/target/test-classes/spring/*.class]
10:43:39.551 [main] DEBUG org.springframework.core.io.support.PathMatchingResourcePatternResolver - Resolved location pattern [classpath*:spring/*.class] to resources []
]]></system-out>
  </testcase>
</testsuite>